2024-10-07 13:41:18.713 [info] Reading sessions from keychain...
2024-10-07 13:41:18.713 [info] Getting sessions for all scopes...
2024-10-07 13:41:18.713 [info] Getting sessions for all scopes...
2024-10-07 13:41:18.713 [info] Getting sessions for all scopes...
2024-10-07 13:41:18.713 [info] Got 0 sessions for ...
2024-10-07 13:41:18.713 [info] Got 0 sessions for ...
2024-10-07 13:41:18.713 [info] Got 0 sessions for ...
2024-10-07 13:41:18.713 [info] Getting sessions for user:email...
2024-10-07 13:41:18.713 [info] Got 0 sessions for user:email...
2024-10-07 13:41:20.214 [info] Logging in with 'any' account...
2024-10-07 13:41:20.214 [info] Logging in for the following scopes: user:email
2024-10-07 13:41:20.215 [info] Trying without local server... (user:email)
2024-10-07 13:41:25.130 [info] Exchanging code for token...
2024-10-07 13:41:25.567 [info] Token exchange success!
2024-10-07 13:41:25.568 [info] Getting user info...
2024-10-07 13:41:26.016 [info] Got account info!
2024-10-07 13:41:26.016 [info] Storing 1 sessions...
2024-10-07 13:41:38.266 [info] Reading sessions from keychain...
2024-10-07 13:41:38.266 [info] Stored 1 sessions!
2024-10-07 13:41:38.266 [info] Login success!
2024-10-07 13:41:38.282 [info] Getting sessions for user:email...
2024-10-07 13:41:38.282 [info] Got stored sessions!
2024-10-07 13:41:38.282 [info] Got 1 verified sessions.
2024-10-07 13:41:38.282 [info] Got 1 sessions for user:email...
2024-10-07 13:43:49.079 [info] Getting sessions for read:user,repo,user:email,workflow...
2024-10-07 13:43:49.079 [info] Got 0 sessions for read:user,repo,user:email,workflow...
