2024-10-07 13:40:52.193 [info] Added views:outline in workbench.view.explorer
2024-10-07 13:40:52.193 [info] Added views:workbench.view.search in workbench.view.search
2024-10-07 13:40:52.193 [info] Added views:workbench.scm in workbench.view.scm
2024-10-07 13:40:52.193 [info] Added views:workbench.panel.markers.view in workbench.panel.markers
2024-10-07 13:40:52.193 [info] Added views:workbench.panel.output in workbench.panel.output
2024-10-07 13:40:52.193 [info] Added views:terminal in terminal
2024-10-07 13:40:52.193 [info] Added views:timeline in workbench.view.explorer
2024-10-07 13:40:52.193 [info] Added views:workbench.explorer.emptyView in workbench.view.explorer
2024-10-07 13:40:52.405 [info] Added views:workbench.debug.welcome in workbench.view.debug
2024-10-07 13:40:52.444 [info] Added views:~remote.forwardedPorts in ~remote.forwardedPortsContainer
2024-10-07 13:40:52.492 [info] Added views:workbench.panel.repl.view in workbench.panel.repl
2024-10-07 13:41:40.448 [info] Removed views:outline from workbench.view.explorer
2024-10-07 13:41:40.449 [info] Removed views:extensions.recommendedList from workbench.view.extensions
2024-10-07 13:41:50.106 [info] Added views:workbench.views.extensions.installed,workbench.views.extensions.popular in workbench.view.extensions
2024-10-07 13:41:50.107 [info] Removed views:workbench.views.extensions.popular from workbench.view.extensions
2024-10-07 13:43:48.078 [info] Added views:projectsExplorerFavorites,projectManagerHelpAndFeedback in workbench.view.extension.project-manager
2024-10-07 13:43:48.079 [info] Added views:postgres in workbench.view.extension.postgres-explorer
2024-10-07 13:43:48.079 [info] Added views:todo-tree-view in workbench.view.extension.todo-tree-container
2024-10-07 13:43:48.080 [info] Added views:dockerContainers,dockerImages,dockerRegistries,dockerNetworks,dockerVolumes,vscode-docker.views.dockerContexts,vscode-docker.views.help in workbench.view.extension.dockerView
2024-10-07 13:43:48.081 [info] Added views:liveshare.session in workbench.view.extension.liveshare
2024-10-07 13:43:48.082 [info] Added views:learn-vim in workbench.view.extension.learn-vim-container
2024-10-07 13:43:48.716 [info] Added views:projectsExplorerGit in workbench.view.extension.project-manager
