    OpenRGB v0.9
    Commit:  from 
    Launched: 20241009_091316
====================================================================================================

0     |Info:    Found file: Purple.orp attempting to validate header
0     |Info:    Valid v4 profile found for Purple
1007  |Info:    ------------------------------------------------------
1007  |Info:    |               Start device detection               |
1007  |Info:    ------------------------------------------------------
1007  |Info:    Initializing HID interfaces: Success
1014  |Info:    ------------------------------------------------------
1014  |Info:    |             Detecting I2C interfaces               |
1014  |Info:    ------------------------------------------------------
1014  |Info:    Registering I2C interface: /dev/i2c-3 Device 1002:164E Subsystem: 1462:7E26
1014  |Info:    Registering I2C interface: /dev/i2c-1 Device 1002:164E Subsystem: 1462:7E26
1014  |Info:    Registering I2C interface: /dev/i2c-8 Device 1022:790B Subsystem: 1462:7E26
1014  |Warning: [i2c_smbus_linux] Failed to read i2c device PCI device ID
1014  |Info:    Registering I2C interface: /dev/i2c-6 Device 0000:0000 Subsystem: 0000:0000
1014  |Warning: [i2c_smbus_linux] Failed to read i2c device PCI device ID
1014  |Info:    Registering I2C interface: /dev/i2c-4 Device 0000:0000 Subsystem: 0000:0000
1015  |Info:    Registering I2C interface: /dev/i2c-2 Device 1002:164E Subsystem: 1462:7E26
1015  |Info:    Registering I2C interface: /dev/i2c-0 Device 1002:164E Subsystem: 1462:7E26
1015  |Info:    Registering I2C interface: /dev/i2c-9 Device 1022:790B Subsystem: 1462:7E26
1015  |Info:    Registering I2C interface: /dev/i2c-7 Device 1022:790B Subsystem: 1462:7E26
1015  |Warning: [i2c_smbus_linux] Failed to read i2c device PCI device ID
1015  |Info:    Registering I2C interface: /dev/i2c-5 Device 0000:0000 Subsystem: 0000:0000
1015  |Info:    ------------------------------------------------------
1015  |Info:    |               Detecting I2C devices                |
1015  |Info:    ------------------------------------------------------
1305  |Info:    [ENE DRAM] Registering RGB controller
1484  |Info:    [ENE DRAM] Registering RGB controller
2389  |Info:    ------------------------------------------------------
2389  |Info:    |               Detecting I2C PCI devices            |
2389  |Info:    ------------------------------------------------------
2390  |Info:    ------------------------------------------------------
2390  |Info:    |               Detecting HID devices                |
2390  |Info:    ------------------------------------------------------
2459  |Info:    [KLM] Created new Tenkeyless ANSI QWERTY with 6 rows and 17 columns containing 87 keys
2459  |Info:    [Razer Huntsman V2 TKL] Registering RGB controller
2483  |Info:    [Razer Viper Ultimate (Wireless)] Registering RGB controller
2507  |Info:    [Razer Mouse Dock Chroma] Registering RGB controller
2507  |Info:    ------------------------------------------------------
2507  |Info:    |            Detecting libusb HID devices            |
2507  |Info:    ------------------------------------------------------
2592  |Info:    ------------------------------------------------------
2592  |Info:    |              Detecting other devices               |
2592  |Info:    ------------------------------------------------------
2598  |Info:    ------------------------------------------------------
2598  |Info:    |                Detection completed                 |
2598  |Info:    ------------------------------------------------------
6110  |Info:    Profile loading: Succeeded for ENE DRAM @ I2C: /dev/i2c-7, address 0x71
6110  |Info:    Profile loading: Succeeded for ENE DRAM @ I2C: /dev/i2c-7, address 0x73
6110  |Info:    Profile loading: Succeeded for Razer Huntsman V2 TKL @ HID: /dev/hidraw4
6110  |Info:    Profile loading: Succeeded for Razer Viper Ultimate (Wireless) @ HID: /dev/hidraw6
6110  |Info:    Profile loading: Succeeded for Razer Mouse Dock Chroma @ HID: /dev/hidraw10
28337 |Info:    Found file: Purple.orp attempting to validate header
28337 |Info:    Valid v4 profile found for Purple
29904 |Info:    Profile loading: Succeeded for ENE DRAM @ I2C: /dev/i2c-7, address 0x71
29904 |Info:    Profile loading: Succeeded for ENE DRAM @ I2C: /dev/i2c-7, address 0x73
29904 |Info:    Profile loading: Succeeded for Razer Huntsman V2 TKL @ HID: /dev/hidraw4
29904 |Info:    Profile loading: Succeeded for Razer Viper Ultimate (Wireless) @ HID: /dev/hidraw6
29904 |Info:    Profile loading: Succeeded for Razer Mouse Dock Chroma @ HID: /dev/hidraw10
