    OpenRGB v0.9
    Commit:  from 
    Launched: 20241011_042810
====================================================================================================

0     |Info:    Found file: Purple.orp attempting to validate header
0     |Info:    Valid v4 profile found for Purple
0     |Info:    Found file: Emerald.orp attempting to validate header
0     |Info:    Valid v4 profile found for Emerald
1001  |Info:    ------------------------------------------------------
1001  |Info:    |               Start device detection               |
1001  |Info:    ------------------------------------------------------
1001  |Info:    Initializing HID interfaces: Success
1008  |Info:    ------------------------------------------------------
1008  |Info:    |             Detecting I2C interfaces               |
1008  |Info:    ------------------------------------------------------
1008  |Info:    Registering I2C interface: /dev/i2c-3 Device 1002:164E Subsystem: 1462:7E26
1008  |Info:    Registering I2C interface: /dev/i2c-1 Device 1002:164E Subsystem: 1462:7E26
1008  |Info:    Registering I2C interface: /dev/i2c-8 Device 1022:790B Subsystem: 1462:7E26
1008  |Warning: [i2c_smbus_linux] Failed to read i2c device PCI device ID
1008  |Info:    Registering I2C interface: /dev/i2c-6 Device 0000:0000 Subsystem: 0000:0000
1008  |Warning: [i2c_smbus_linux] Failed to read i2c device PCI device ID
1009  |Info:    Registering I2C interface: /dev/i2c-4 Device 0000:0000 Subsystem: 0000:0000
1009  |Info:    Registering I2C interface: /dev/i2c-2 Device 1002:164E Subsystem: 1462:7E26
1009  |Info:    Registering I2C interface: /dev/i2c-0 Device 1002:164E Subsystem: 1462:7E26
1009  |Info:    Registering I2C interface: /dev/i2c-9 Device 1022:790B Subsystem: 1462:7E26
1009  |Info:    Registering I2C interface: /dev/i2c-7 Device 1022:790B Subsystem: 1462:7E26
1009  |Warning: [i2c_smbus_linux] Failed to read i2c device PCI device ID
1009  |Info:    Registering I2C interface: /dev/i2c-5 Device 0000:0000 Subsystem: 0000:0000
1009  |Info:    ------------------------------------------------------
1009  |Info:    |               Detecting I2C devices                |
1009  |Info:    ------------------------------------------------------
1299  |Info:    [ENE DRAM] Registering RGB controller
1479  |Info:    [ENE DRAM] Registering RGB controller
2382  |Info:    ------------------------------------------------------
2382  |Info:    |               Detecting I2C PCI devices            |
2382  |Info:    ------------------------------------------------------
2382  |Info:    ------------------------------------------------------
2382  |Info:    |               Detecting HID devices                |
2382  |Info:    ------------------------------------------------------
2454  |Info:    [KLM] Created new Tenkeyless ANSI QWERTY with 6 rows and 17 columns containing 87 keys
2454  |Info:    [Razer Huntsman V2 TKL] Registering RGB controller
2478  |Info:    [Razer Viper Ultimate (Wireless)] Registering RGB controller
2502  |Info:    [Razer Mouse Dock Chroma] Registering RGB controller
2502  |Info:    ------------------------------------------------------
2502  |Info:    |            Detecting libusb HID devices            |
2502  |Info:    ------------------------------------------------------
2584  |Info:    ------------------------------------------------------
2584  |Info:    |              Detecting other devices               |
2584  |Info:    ------------------------------------------------------
2590  |Info:    ------------------------------------------------------
2590  |Info:    |                Detection completed                 |
2590  |Info:    ------------------------------------------------------
12920 |Info:    Profile loading: Succeeded for ENE DRAM @ I2C: /dev/i2c-7, address 0x71
12920 |Info:    Profile loading: Succeeded for ENE DRAM @ I2C: /dev/i2c-7, address 0x73
12920 |Info:    Profile loading: Succeeded for Razer Huntsman V2 TKL @ HID: /dev/hidraw5
12920 |Info:    Profile loading: Succeeded for Razer Viper Ultimate (Wireless) @ HID: /dev/hidraw2
12920 |Info:    Profile loading: Succeeded for Razer Mouse Dock Chroma @ HID: /dev/hidraw10
26499 |Info:    Profile loading: Succeeded for ENE DRAM @ I2C: /dev/i2c-7, address 0x71
26499 |Info:    Profile loading: Succeeded for ENE DRAM @ I2C: /dev/i2c-7, address 0x73
26499 |Info:    Profile loading: Succeeded for Razer Huntsman V2 TKL @ HID: /dev/hidraw5
26499 |Info:    Profile loading: Succeeded for Razer Viper Ultimate (Wireless) @ HID: /dev/hidraw2
26499 |Info:    Profile loading: Succeeded for Razer Mouse Dock Chroma @ HID: /dev/hidraw10
