    OpenRGB v0.9
    Commit:  from 
    Launched: 20241014_072309
====================================================================================================

0     |Info:    Found file: Purple.orp attempting to validate header
0     |Info:    Valid v4 profile found for Purple
0     |Info:    Found file: Emerald.orp attempting to validate header
0     |Info:    Valid v4 profile found for Emerald
1001  |Info:    ------------------------------------------------------
1001  |Info:    |               Start device detection               |
1001  |Info:    ------------------------------------------------------
1002  |Info:    Initializing HID interfaces: Success
1008  |Info:    ------------------------------------------------------
1008  |Info:    |             Detecting I2C interfaces               |
1008  |Info:    ------------------------------------------------------
1008  |Info:    Registering I2C interface: /dev/i2c-3 Device 1002:164E Subsystem: 1462:7E26
1008  |Info:    Registering I2C interface: /dev/i2c-1 Device 1002:164E Subsystem: 1462:7E26
1008  |Info:    Registering I2C interface: /dev/i2c-8 Device 1022:790B Subsystem: 1462:7E26
1008  |Warning: [i2c_smbus_linux] Failed to read i2c device PCI device ID
1008  |Info:    Registering I2C interface: /dev/i2c-6 Device 0000:0000 Subsystem: 0000:0000
1008  |Warning: [i2c_smbus_linux] Failed to read i2c device PCI device ID
1008  |Info:    Registering I2C interface: /dev/i2c-4 Device 0000:0000 Subsystem: 0000:0000
1008  |Info:    Registering I2C interface: /dev/i2c-2 Device 1002:164E Subsystem: 1462:7E26
1008  |Info:    Registering I2C interface: /dev/i2c-0 Device 1002:164E Subsystem: 1462:7E26
1008  |Info:    Registering I2C interface: /dev/i2c-9 Device 1022:790B Subsystem: 1462:7E26
1008  |Info:    Registering I2C interface: /dev/i2c-7 Device 1022:790B Subsystem: 1462:7E26
1008  |Warning: [i2c_smbus_linux] Failed to read i2c device PCI device ID
1008  |Info:    Registering I2C interface: /dev/i2c-5 Device 0000:0000 Subsystem: 0000:0000
1008  |Info:    ------------------------------------------------------
1008  |Info:    |               Detecting I2C devices                |
1008  |Info:    ------------------------------------------------------
1298  |Info:    [ENE DRAM] Registering RGB controller
1477  |Info:    [ENE DRAM] Registering RGB controller
2395  |Info:    ------------------------------------------------------
2395  |Info:    |               Detecting I2C PCI devices            |
2395  |Info:    ------------------------------------------------------
2395  |Info:    ------------------------------------------------------
2395  |Info:    |               Detecting HID devices                |
2395  |Info:    ------------------------------------------------------
2462  |Info:    [KLM] Created new Tenkeyless ANSI QWERTY with 6 rows and 17 columns containing 87 keys
2462  |Info:    [Razer Huntsman V2 TKL] Registering RGB controller
2486  |Info:    [Razer Viper Ultimate (Wireless)] Registering RGB controller
2510  |Info:    [Razer Mouse Dock Chroma] Registering RGB controller
2510  |Info:    ------------------------------------------------------
2510  |Info:    |            Detecting libusb HID devices            |
2510  |Info:    ------------------------------------------------------
2636  |Info:    ------------------------------------------------------
2636  |Info:    |              Detecting other devices               |
2636  |Info:    ------------------------------------------------------
2641  |Info:    ------------------------------------------------------
2641  |Info:    |                Detection completed                 |
2641  |Info:    ------------------------------------------------------
