    OpenRGB v0.9
    Commit:  from 
    Launched: 20241009_031255
====================================================================================================

1001  |Info:    ------------------------------------------------------
1001  |Info:    |               Start device detection               |
1001  |Info:    ------------------------------------------------------
1001  |Info:    Initializing HID interfaces: Success
1008  |Info:    ------------------------------------------------------
1008  |Info:    |             Detecting I2C interfaces               |
1008  |Info:    ------------------------------------------------------
1008  |Info:    Registering I2C interface: /dev/i2c-3 Device 1002:164E Subsystem: 1462:7E26
1008  |Info:    Registering I2C interface: /dev/i2c-8 Device 1022:790B Subsystem: 1462:7E26
1008  |Warning: [i2c_smbus_linux] Failed to read i2c device PCI device ID
1008  |Info:    Registering I2C interface: /dev/i2c-6 Device 0000:0000 Subsystem: 0000:0000
1008  |Warning: [i2c_smbus_linux] Failed to read i2c device PCI device ID
1008  |Info:    Registering I2C interface: /dev/i2c-4 Device 0000:0000 Subsystem: 0000:0000
1008  |Info:    Registering I2C interface: /dev/i2c-0 Device 1002:164E Subsystem: 1462:7E26
1008  |Info:    Registering I2C interface: /dev/i2c-7 Device 1022:790B Subsystem: 1462:7E26
1008  |Info:    ------------------------------------------------------
1008  |Info:    |               Detecting I2C devices                |
1008  |Info:    ------------------------------------------------------
1564  |Info:    ------------------------------------------------------
1564  |Info:    |               Detecting I2C PCI devices            |
1564  |Info:    ------------------------------------------------------
1565  |Info:    ------------------------------------------------------
1565  |Info:    |               Detecting HID devices                |
1565  |Info:    ------------------------------------------------------
1632  |Info:    [KLM] Created new Tenkeyless ANSI QWERTY with 6 rows and 17 columns containing 87 keys
1632  |Info:    [Razer Huntsman V2 TKL] Registering RGB controller
1656  |Info:    [Razer Viper Ultimate (Wireless)] Registering RGB controller
1680  |Info:    [Razer Mouse Dock Chroma] Registering RGB controller
1680  |Info:    ------------------------------------------------------
1680  |Info:    |            Detecting libusb HID devices            |
1680  |Info:    ------------------------------------------------------
1764  |Info:    ------------------------------------------------------
1764  |Info:    |              Detecting other devices               |
1764  |Info:    ------------------------------------------------------
1770  |Info:    ------------------------------------------------------
1770  |Info:    |                Detection completed                 |
1770  |Info:    ------------------------------------------------------
1770  |Dialog:  <h2>WARNING:</h2><p>One or more I2C/SMBus interfaces failed to initialize.</p><p>RGB DRAM modules and some motherboards' onboard RGB lighting will not be available without I2C/SMBus.</p><p>On Linux, this is usually because the i2c-dev module is not loaded.  You must load the i2c-dev module along with the correct i2c driver for your motherboard.  This is usually i2c-piix4 for AMD systems and i2c-i801 for Intel systems.</p><p>See <a href='https://help.openrgb.org/'>help.openrgb.org</a> for additional troubleshooting steps if you keep seeing this message.<br></p>
