    OpenRGB v0.9
    Commit:  from 
    Launched: 20241009_092730
====================================================================================================

0     |Info:    Found file: Purple.orp attempting to validate header
0     |Info:    Valid v4 profile found for Purple
0     |Info:    Found file: Emerald.orp attempting to validate header
0     |Info:    Valid v4 profile found for Emerald
1001  |Info:    ------------------------------------------------------
1001  |Info:    |               Start device detection               |
1001  |Info:    ------------------------------------------------------
1001  |Info:    Initializing HID interfaces: Success
1006  |Info:    ------------------------------------------------------
1006  |Info:    |             Detecting I2C interfaces               |
1006  |Info:    ------------------------------------------------------
1006  |Info:    Registering I2C interface: /dev/i2c-3 Device 1002:164E Subsystem: 1462:7E26
1006  |Info:    Registering I2C interface: /dev/i2c-1 Device 1002:164E Subsystem: 1462:7E26
1006  |Info:    Registering I2C interface: /dev/i2c-8 Device 1022:790B Subsystem: 1462:7E26
1006  |Warning: [i2c_smbus_linux] Failed to read i2c device PCI device ID
1007  |Info:    Registering I2C interface: /dev/i2c-6 Device 0000:0000 Subsystem: 0000:0000
1007  |Warning: [i2c_smbus_linux] Failed to read i2c device PCI device ID
1007  |Info:    Registering I2C interface: /dev/i2c-4 Device 0000:0000 Subsystem: 0000:0000
1007  |Info:    Registering I2C interface: /dev/i2c-2 Device 1002:164E Subsystem: 1462:7E26
1007  |Info:    Registering I2C interface: /dev/i2c-0 Device 1002:164E Subsystem: 1462:7E26
1007  |Info:    Registering I2C interface: /dev/i2c-9 Device 1022:790B Subsystem: 1462:7E26
1007  |Info:    Registering I2C interface: /dev/i2c-7 Device 1022:790B Subsystem: 1462:7E26
1007  |Warning: [i2c_smbus_linux] Failed to read i2c device PCI device ID
1007  |Info:    Registering I2C interface: /dev/i2c-5 Device 0000:0000 Subsystem: 0000:0000
1007  |Info:    ------------------------------------------------------
1007  |Info:    |               Detecting I2C devices                |
1007  |Info:    ------------------------------------------------------
1296  |Info:    [ENE DRAM] Registering RGB controller
1476  |Info:    [ENE DRAM] Registering RGB controller
2376  |Info:    ------------------------------------------------------
2376  |Info:    |               Detecting I2C PCI devices            |
2376  |Info:    ------------------------------------------------------
2377  |Info:    ------------------------------------------------------
2377  |Info:    |               Detecting HID devices                |
2377  |Info:    ------------------------------------------------------
2389  |Info:    [KLM] Created new Tenkeyless ANSI QWERTY with 6 rows and 17 columns containing 87 keys
2389  |Info:    [Razer Huntsman V2 TKL] Registering RGB controller
2413  |Info:    [Razer Viper Ultimate (Wireless)] Registering RGB controller
2437  |Info:    [Razer Mouse Dock Chroma] Registering RGB controller
2437  |Info:    ------------------------------------------------------
2437  |Info:    |            Detecting libusb HID devices            |
2437  |Info:    ------------------------------------------------------
2559  |Info:    ------------------------------------------------------
2559  |Info:    |              Detecting other devices               |
2559  |Info:    ------------------------------------------------------
2565  |Info:    ------------------------------------------------------
2565  |Info:    |                Detection completed                 |
2565  |Info:    ------------------------------------------------------
