    OpenRGB v0.9
    Commit:  from 
    Launched: 20241015_055942
====================================================================================================

2     |Info:    Found file: Emerald.orp attempting to validate header
2     |Info:    Valid v4 profile found for Emerald
1003  |Info:    ------------------------------------------------------
1003  |Info:    |               Start device detection               |
1003  |Info:    ------------------------------------------------------
1004  |Info:    Initializing HID interfaces: Success
1009  |Info:    ------------------------------------------------------
1009  |Info:    |             Detecting I2C interfaces               |
1009  |Info:    ------------------------------------------------------
1010  |Info:    Registering I2C interface: /dev/i2c-3 Device 1002:164E Subsystem: 1462:7E26
1010  |Info:    Registering I2C interface: /dev/i2c-1 Device 1002:164E Subsystem: 1462:7E26
1010  |Info:    Registering I2C interface: /dev/i2c-8 Device 1022:790B Subsystem: 1462:7E26
1010  |Warning: [i2c_smbus_linux] Failed to read i2c device PCI device ID
1010  |Info:    Registering I2C interface: /dev/i2c-6 Device 0000:0000 Subsystem: 0000:0000
1010  |Warning: [i2c_smbus_linux] Failed to read i2c device PCI device ID
1010  |Info:    Registering I2C interface: /dev/i2c-4 Device 0000:0000 Subsystem: 0000:0000
1010  |Info:    Registering I2C interface: /dev/i2c-2 Device 1002:164E Subsystem: 1462:7E26
1010  |Info:    Registering I2C interface: /dev/i2c-0 Device 1002:164E Subsystem: 1462:7E26
1010  |Info:    Registering I2C interface: /dev/i2c-9 Device 1022:790B Subsystem: 1462:7E26
1010  |Info:    Registering I2C interface: /dev/i2c-7 Device 1022:790B Subsystem: 1462:7E26
1010  |Warning: [i2c_smbus_linux] Failed to read i2c device PCI device ID
1010  |Info:    Registering I2C interface: /dev/i2c-5 Device 0000:0000 Subsystem: 0000:0000
1010  |Info:    ------------------------------------------------------
1010  |Info:    |               Detecting I2C devices                |
1010  |Info:    ------------------------------------------------------
1301  |Info:    [ENE DRAM] Registering RGB controller
1482  |Info:    [ENE DRAM] Registering RGB controller
2401  |Info:    ------------------------------------------------------
2401  |Info:    |               Detecting I2C PCI devices            |
2401  |Info:    ------------------------------------------------------
2401  |Info:    ------------------------------------------------------
2401  |Info:    |               Detecting HID devices                |
2401  |Info:    ------------------------------------------------------
2469  |Info:    [KLM] Created new Tenkeyless ANSI QWERTY with 6 rows and 17 columns containing 87 keys
2469  |Info:    [Razer Huntsman V2 TKL] Registering RGB controller
2493  |Info:    [Razer Viper Ultimate (Wireless)] Registering RGB controller
2517  |Info:    [Razer Mouse Dock Chroma] Registering RGB controller
2517  |Info:    ------------------------------------------------------
2517  |Info:    |            Detecting libusb HID devices            |
2517  |Info:    ------------------------------------------------------
2639  |Info:    ------------------------------------------------------
2639  |Info:    |              Detecting other devices               |
2639  |Info:    ------------------------------------------------------
2645  |Info:    ------------------------------------------------------
2645  |Info:    |                Detection completed                 |
2645  |Info:    ------------------------------------------------------
2645  |Info:    Profile loading: Succeeded for ENE DRAM @ I2C: /dev/i2c-7, address 0x71
2645  |Info:    Profile loading: Succeeded for ENE DRAM @ I2C: /dev/i2c-7, address 0x73
2645  |Info:    Profile loading: Succeeded for Razer Huntsman V2 TKL @ HID: /dev/hidraw4
2645  |Info:    Profile loading: Succeeded for Razer Viper Ultimate (Wireless) @ HID: /dev/hidraw7
2645  |Info:    Profile loading: Succeeded for Razer Mouse Dock Chroma @ HID: /dev/hidraw10
