    OpenRGB v0.9
    Commit:  from 
    Launched: 20241014_073003
====================================================================================================

0     |Info:    Found file: Purple.orp attempting to validate header
0     |Info:    Valid v4 profile found for Purple
0     |Info:    Found file: Emerald.orp attempting to validate header
0     |Info:    Valid v4 profile found for Emerald
1001  |Info:    ------------------------------------------------------
1001  |Info:    |               Start device detection               |
1001  |Info:    ------------------------------------------------------
1001  |Info:    Initializing HID interfaces: Success
1008  |Info:    ------------------------------------------------------
1008  |Info:    |             Detecting I2C interfaces               |
1008  |Info:    ------------------------------------------------------
1008  |Info:    Registering I2C interface: /dev/i2c-3 Device 1002:164E Subsystem: 1462:7E26
1009  |Info:    Registering I2C interface: /dev/i2c-1 Device 1002:164E Subsystem: 1462:7E26
1009  |Info:    Registering I2C interface: /dev/i2c-8 Device 1022:790B Subsystem: 1462:7E26
1009  |Warning: [i2c_smbus_linux] Failed to read i2c device PCI device ID
1009  |Info:    Registering I2C interface: /dev/i2c-6 Device 0000:0000 Subsystem: 0000:0000
1009  |Warning: [i2c_smbus_linux] Failed to read i2c device PCI device ID
1009  |Info:    Registering I2C interface: /dev/i2c-4 Device 0000:0000 Subsystem: 0000:0000
1009  |Info:    Registering I2C interface: /dev/i2c-2 Device 1002:164E Subsystem: 1462:7E26
1009  |Info:    Registering I2C interface: /dev/i2c-0 Device 1002:164E Subsystem: 1462:7E26
1009  |Info:    Registering I2C interface: /dev/i2c-9 Device 1022:790B Subsystem: 1462:7E26
1009  |Info:    Registering I2C interface: /dev/i2c-7 Device 1022:790B Subsystem: 1462:7E26
1009  |Warning: [i2c_smbus_linux] Failed to read i2c device PCI device ID
1009  |Info:    Registering I2C interface: /dev/i2c-5 Device 0000:0000 Subsystem: 0000:0000
1009  |Info:    ------------------------------------------------------
1009  |Info:    |               Detecting I2C devices                |
1009  |Info:    ------------------------------------------------------
1299  |Info:    [ENE DRAM] Registering RGB controller
1479  |Info:    [ENE DRAM] Registering RGB controller
2393  |Info:    ------------------------------------------------------
2393  |Info:    |               Detecting I2C PCI devices            |
2393  |Info:    ------------------------------------------------------
2394  |Info:    ------------------------------------------------------
2394  |Info:    |               Detecting HID devices                |
2394  |Info:    ------------------------------------------------------
2460  |Info:    [KLM] Created new Tenkeyless ANSI QWERTY with 6 rows and 17 columns containing 87 keys
2460  |Info:    [Razer Huntsman V2 TKL] Registering RGB controller
2484  |Info:    [Razer Viper Ultimate (Wireless)] Registering RGB controller
2508  |Info:    [Razer Mouse Dock Chroma] Registering RGB controller
2508  |Info:    ------------------------------------------------------
2508  |Info:    |            Detecting libusb HID devices            |
2508  |Info:    ------------------------------------------------------
2593  |Info:    ------------------------------------------------------
2593  |Info:    |              Detecting other devices               |
2593  |Info:    ------------------------------------------------------
2598  |Info:    ------------------------------------------------------
2598  |Info:    |                Detection completed                 |
2598  |Info:    ------------------------------------------------------
21092 |Info:    Found file: Purple.orp attempting to validate header
21092 |Info:    Valid v4 profile found for Purple
21092 |Info:    Found file: Emerald.orp attempting to validate header
21092 |Info:    Valid v4 profile found for Emerald
24584 |Info:    Found file: Emerald.orp attempting to validate header
24584 |Info:    Valid v4 profile found for Emerald
26044 |Info:    Profile loading: Succeeded for ENE DRAM @ I2C: /dev/i2c-7, address 0x71
26044 |Info:    Profile loading: Succeeded for ENE DRAM @ I2C: /dev/i2c-7, address 0x73
26044 |Info:    Profile loading: Succeeded for Razer Huntsman V2 TKL @ HID: /dev/hidraw4
26044 |Info:    Profile loading: Succeeded for Razer Viper Ultimate (Wireless) @ HID: /dev/hidraw6
26044 |Info:    Profile loading: Succeeded for Razer Mouse Dock Chroma @ HID: /dev/hidraw10
