    OpenRGB v0.9
    Commit:  from 
    Launched: 20241025_204359
====================================================================================================

0     |Info:    Found file: Emerald.orp attempting to validate header
0     |Info:    Valid v4 profile found for Emerald
1001  |Info:    ------------------------------------------------------
1001  |Info:    |               Start device detection               |
1001  |Info:    ------------------------------------------------------
1001  |Info:    Initializing HID interfaces: Success
1007  |Info:    ------------------------------------------------------
1007  |Info:    |             Detecting I2C interfaces               |
1007  |Info:    ------------------------------------------------------
1007  |Info:    Registering I2C interface: /dev/i2c-3 Device 1002:164E Subsystem: 1462:7E26
1007  |Info:    Registering I2C interface: /dev/i2c-1 Device 1002:164E Subsystem: 1462:7E26
1007  |Info:    Registering I2C interface: /dev/i2c-8 Device 1022:790B Subsystem: 1462:7E26
1007  |Warning: [i2c_smbus_linux] Failed to read i2c device PCI device ID
1007  |Info:    Registering I2C interface: /dev/i2c-6 Device 0000:0000 Subsystem: 0000:0000
1007  |Warning: [i2c_smbus_linux] Failed to read i2c device PCI device ID
1007  |Info:    Registering I2C interface: /dev/i2c-4 Device 0000:0000 Subsystem: 0000:0000
1007  |Info:    Registering I2C interface: /dev/i2c-2 Device 1002:164E Subsystem: 1462:7E26
1007  |Info:    Registering I2C interface: /dev/i2c-0 Device 1002:164E Subsystem: 1462:7E26
1007  |Info:    Registering I2C interface: /dev/i2c-9 Device 1022:790B Subsystem: 1462:7E26
1007  |Info:    Registering I2C interface: /dev/i2c-7 Device 1022:790B Subsystem: 1462:7E26
1007  |Warning: [i2c_smbus_linux] Failed to read i2c device PCI device ID
1007  |Info:    Registering I2C interface: /dev/i2c-5 Device 0000:0000 Subsystem: 0000:0000
1007  |Info:    ------------------------------------------------------
1007  |Info:    |               Detecting I2C devices                |
1007  |Info:    ------------------------------------------------------
1298  |Info:    [ENE DRAM] Registering RGB controller
1478  |Info:    [ENE DRAM] Registering RGB controller
2379  |Info:    ------------------------------------------------------
2379  |Info:    |               Detecting I2C PCI devices            |
2379  |Info:    ------------------------------------------------------
2379  |Info:    ------------------------------------------------------
2379  |Info:    |               Detecting HID devices                |
2379  |Info:    ------------------------------------------------------
2403  |Info:    [Razer Viper Ultimate (Wireless)] Registering RGB controller
2427  |Info:    [Razer Mouse Dock Chroma] Registering RGB controller
2499  |Info:    [KLM] Created new Tenkeyless ANSI QWERTY with 6 rows and 17 columns containing 87 keys
2499  |Info:    [Razer Huntsman V2 TKL] Registering RGB controller
2499  |Info:    ------------------------------------------------------
2499  |Info:    |            Detecting libusb HID devices            |
2499  |Info:    ------------------------------------------------------
2622  |Info:    ------------------------------------------------------
2622  |Info:    |              Detecting other devices               |
2622  |Info:    ------------------------------------------------------
2628  |Info:    ------------------------------------------------------
2628  |Info:    |                Detection completed                 |
2628  |Info:    ------------------------------------------------------
2628  |Info:    Profile loading: Succeeded for ENE DRAM @ I2C: /dev/i2c-7, address 0x71
2628  |Info:    Profile loading: Succeeded for ENE DRAM @ I2C: /dev/i2c-7, address 0x73
2628  |Info:    Profile loading: Succeeded for Razer Viper Ultimate (Wireless) @ HID: /dev/hidraw6
2628  |Info:    Profile loading: Succeeded for Razer Mouse Dock Chroma @ HID: /dev/hidraw11
2628  |Info:    Profile loading: Succeeded for Razer Huntsman V2 TKL @ HID: /dev/hidraw3
