    OpenRGB v0.9
    Commit:  from 
    Launched: 20241015_123944
====================================================================================================

1     |Info:    Found file: Emerald.orp attempting to validate header
2     |Info:    Valid v4 profile found for Emerald
1009  |Info:    ------------------------------------------------------
1009  |Info:    |               Start device detection               |
1009  |Info:    ------------------------------------------------------
1009  |Info:    Initializing HID interfaces: Success
1015  |Info:    ------------------------------------------------------
1015  |Info:    |             Detecting I2C interfaces               |
1015  |Info:    ------------------------------------------------------
1015  |Info:    Registering I2C interface: /dev/i2c-3 Device 1002:164E Subsystem: 1462:7E26
1015  |Info:    Registering I2C interface: /dev/i2c-1 Device 1002:164E Subsystem: 1462:7E26
1015  |Info:    Registering I2C interface: /dev/i2c-8 Device 1022:790B Subsystem: 1462:7E26
1015  |Warning: [i2c_smbus_linux] Failed to read i2c device PCI device ID
1015  |Info:    Registering I2C interface: /dev/i2c-6 Device 0000:0000 Subsystem: 0000:0000
1015  |Warning: [i2c_smbus_linux] Failed to read i2c device PCI device ID
1015  |Info:    Registering I2C interface: /dev/i2c-4 Device 0000:0000 Subsystem: 0000:0000
1016  |Info:    Registering I2C interface: /dev/i2c-2 Device 1002:164E Subsystem: 1462:7E26
1016  |Info:    Registering I2C interface: /dev/i2c-0 Device 1002:164E Subsystem: 1462:7E26
1016  |Info:    Registering I2C interface: /dev/i2c-9 Device 1022:790B Subsystem: 1462:7E26
1016  |Info:    Registering I2C interface: /dev/i2c-7 Device 1022:790B Subsystem: 1462:7E26
1016  |Warning: [i2c_smbus_linux] Failed to read i2c device PCI device ID
1016  |Info:    Registering I2C interface: /dev/i2c-5 Device 0000:0000 Subsystem: 0000:0000
1016  |Info:    ------------------------------------------------------
1016  |Info:    |               Detecting I2C devices                |
1016  |Info:    ------------------------------------------------------
1305  |Info:    [ENE DRAM] Registering RGB controller
1485  |Info:    [ENE DRAM] Registering RGB controller
2399  |Info:    ------------------------------------------------------
2399  |Info:    |               Detecting I2C PCI devices            |
2399  |Info:    ------------------------------------------------------
2400  |Info:    ------------------------------------------------------
2400  |Info:    |               Detecting HID devices                |
2400  |Info:    ------------------------------------------------------
2467  |Info:    [KLM] Created new Tenkeyless ANSI QWERTY with 6 rows and 17 columns containing 87 keys
2467  |Info:    [Razer Huntsman V2 TKL] Registering RGB controller
2490  |Info:    [Razer Viper Ultimate (Wireless)] Registering RGB controller
2514  |Info:    [Razer Mouse Dock Chroma] Registering RGB controller
2514  |Info:    ------------------------------------------------------
2514  |Info:    |            Detecting libusb HID devices            |
2514  |Info:    ------------------------------------------------------
2638  |Info:    ------------------------------------------------------
2638  |Info:    |              Detecting other devices               |
2638  |Info:    ------------------------------------------------------
2647  |Info:    ------------------------------------------------------
2647  |Info:    |                Detection completed                 |
2647  |Info:    ------------------------------------------------------
2647  |Info:    Profile loading: FAILED! for ENE DRAM @ I2C: /dev/i2c-7, address 0x71
2647  |Info:    Profile loading: FAILED! for ENE DRAM @ I2C: /dev/i2c-7, address 0x73
2647  |Info:    Profile loading: FAILED! for Razer Huntsman V2 TKL @ HID: /dev/hidraw4
2647  |Info:    Profile loading: FAILED! for Razer Viper Ultimate (Wireless) @ HID: /dev/hidraw5
2647  |Info:    Profile loading: FAILED! for Razer Mouse Dock Chroma @ HID: /dev/hidraw10
