    OpenRGB v0.9
    Commit:  from 
    Launched: 20241009_092947
====================================================================================================

0     |Info:    Found file: Purple.orp attempting to validate header
0     |Info:    Valid v4 profile found for Purple
0     |Info:    Found file: Emerald.orp attempting to validate header
0     |Info:    Valid v4 profile found for Emerald
1001  |Info:    ------------------------------------------------------
1001  |Info:    |               Start device detection               |
1001  |Info:    ------------------------------------------------------
1001  |Info:    Initializing HID interfaces: Success
1006  |Info:    ------------------------------------------------------
1006  |Info:    |             Detecting I2C interfaces               |
1006  |Info:    ------------------------------------------------------
1007  |Info:    Registering I2C interface: /dev/i2c-3 Device 1002:164E Subsystem: 1462:7E26
1007  |Info:    Registering I2C interface: /dev/i2c-1 Device 1002:164E Subsystem: 1462:7E26
1007  |Info:    Registering I2C interface: /dev/i2c-8 Device 1022:790B Subsystem: 1462:7E26
1007  |Warning: [i2c_smbus_linux] Failed to read i2c device PCI device ID
1007  |Info:    Registering I2C interface: /dev/i2c-6 Device 0000:0000 Subsystem: 0000:0000
1007  |Warning: [i2c_smbus_linux] Failed to read i2c device PCI device ID
1007  |Info:    Registering I2C interface: /dev/i2c-4 Device 0000:0000 Subsystem: 0000:0000
1007  |Info:    Registering I2C interface: /dev/i2c-2 Device 1002:164E Subsystem: 1462:7E26
1007  |Info:    Registering I2C interface: /dev/i2c-0 Device 1002:164E Subsystem: 1462:7E26
1007  |Info:    Registering I2C interface: /dev/i2c-9 Device 1022:790B Subsystem: 1462:7E26
1007  |Info:    Registering I2C interface: /dev/i2c-7 Device 1022:790B Subsystem: 1462:7E26
1007  |Warning: [i2c_smbus_linux] Failed to read i2c device PCI device ID
1007  |Info:    Registering I2C interface: /dev/i2c-5 Device 0000:0000 Subsystem: 0000:0000
1007  |Info:    ------------------------------------------------------
1007  |Info:    |               Detecting I2C devices                |
1007  |Info:    ------------------------------------------------------
1297  |Info:    [ENE DRAM] Registering RGB controller
1476  |Info:    [ENE DRAM] Registering RGB controller
2378  |Info:    ------------------------------------------------------
2378  |Info:    |               Detecting I2C PCI devices            |
2378  |Info:    ------------------------------------------------------
2378  |Info:    ------------------------------------------------------
2378  |Info:    |               Detecting HID devices                |
2378  |Info:    ------------------------------------------------------
2391  |Info:    [KLM] Created new Tenkeyless ANSI QWERTY with 6 rows and 17 columns containing 87 keys
2391  |Info:    [Razer Huntsman V2 TKL] Registering RGB controller
2415  |Info:    [Razer Viper Ultimate (Wireless)] Registering RGB controller
2439  |Info:    [Razer Mouse Dock Chroma] Registering RGB controller
2439  |Info:    ------------------------------------------------------
2439  |Info:    |            Detecting libusb HID devices            |
2439  |Info:    ------------------------------------------------------
2561  |Info:    ------------------------------------------------------
2561  |Info:    |              Detecting other devices               |
2561  |Info:    ------------------------------------------------------
2567  |Info:    ------------------------------------------------------
2567  |Info:    |                Detection completed                 |
2567  |Info:    ------------------------------------------------------
