    OpenRGB v0.9
    Commit:  from 
    Launched: 20241014_073403
====================================================================================================

0     |Info:    Found file: Emerald.orp attempting to validate header
0     |Info:    Valid v4 profile found for Emerald
1002  |Info:    ------------------------------------------------------
1002  |Info:    |               Start device detection               |
1002  |Info:    ------------------------------------------------------
1002  |Info:    Initializing HID interfaces: Success
1008  |Info:    ------------------------------------------------------
1008  |Info:    |             Detecting I2C interfaces               |
1008  |Info:    ------------------------------------------------------
1008  |Info:    Registering I2C interface: /dev/i2c-3 Device 1002:164E Subsystem: 1462:7E26
1008  |Info:    Registering I2C interface: /dev/i2c-1 Device 1002:164E Subsystem: 1462:7E26
1008  |Info:    Registering I2C interface: /dev/i2c-8 Device 1022:790B Subsystem: 1462:7E26
1008  |Warning: [i2c_smbus_linux] Failed to read i2c device PCI device ID
1008  |Info:    Registering I2C interface: /dev/i2c-6 Device 0000:0000 Subsystem: 0000:0000
1008  |Warning: [i2c_smbus_linux] Failed to read i2c device PCI device ID
1008  |Info:    Registering I2C interface: /dev/i2c-4 Device 0000:0000 Subsystem: 0000:0000
1008  |Info:    Registering I2C interface: /dev/i2c-2 Device 1002:164E Subsystem: 1462:7E26
1008  |Info:    Registering I2C interface: /dev/i2c-0 Device 1002:164E Subsystem: 1462:7E26
1008  |Info:    Registering I2C interface: /dev/i2c-9 Device 1022:790B Subsystem: 1462:7E26
1008  |Info:    Registering I2C interface: /dev/i2c-7 Device 1022:790B Subsystem: 1462:7E26
1008  |Warning: [i2c_smbus_linux] Failed to read i2c device PCI device ID
1008  |Info:    Registering I2C interface: /dev/i2c-5 Device 0000:0000 Subsystem: 0000:0000
1008  |Info:    ------------------------------------------------------
1008  |Info:    |               Detecting I2C devices                |
1008  |Info:    ------------------------------------------------------
1299  |Info:    [ENE DRAM] Registering RGB controller
1478  |Info:    [ENE DRAM] Registering RGB controller
2404  |Info:    ------------------------------------------------------
2404  |Info:    |               Detecting I2C PCI devices            |
2404  |Info:    ------------------------------------------------------
2404  |Info:    ------------------------------------------------------
2404  |Info:    |               Detecting HID devices                |
2404  |Info:    ------------------------------------------------------
2473  |Info:    [KLM] Created new Tenkeyless ANSI QWERTY with 6 rows and 17 columns containing 87 keys
2473  |Info:    [Razer Huntsman V2 TKL] Registering RGB controller
2497  |Info:    [Razer Viper Ultimate (Wireless)] Registering RGB controller
2521  |Info:    [Razer Mouse Dock Chroma] Registering RGB controller
2521  |Info:    ------------------------------------------------------
2521  |Info:    |            Detecting libusb HID devices            |
2521  |Info:    ------------------------------------------------------
2644  |Info:    ------------------------------------------------------
2644  |Info:    |              Detecting other devices               |
2644  |Info:    ------------------------------------------------------
2649  |Info:    ------------------------------------------------------
2649  |Info:    |                Detection completed                 |
2649  |Info:    ------------------------------------------------------
2649  |Info:    Profile loading: FAILED! for ENE DRAM @ I2C: /dev/i2c-7, address 0x71
2649  |Info:    Profile loading: FAILED! for ENE DRAM @ I2C: /dev/i2c-7, address 0x73
2649  |Info:    Profile loading: FAILED! for Razer Huntsman V2 TKL @ HID: /dev/hidraw4
2649  |Info:    Profile loading: FAILED! for Razer Viper Ultimate (Wireless) @ HID: /dev/hidraw6
2649  |Info:    Profile loading: FAILED! for Razer Mouse Dock Chroma @ HID: /dev/hidraw10
