    OpenRGB v0.9
    Commit:  from 
    Launched: 20241009_122133
====================================================================================================

0     |Info:    Found file: Purple.orp attempting to validate header
0     |Info:    Valid v4 profile found for Purple
0     |Info:    Found file: Emerald.orp attempting to validate header
1     |Info:    Valid v4 profile found for Emerald
1007  |Info:    ------------------------------------------------------
1007  |Info:    |               Start device detection               |
1007  |Info:    ------------------------------------------------------
1007  |Info:    Initializing HID interfaces: Success
1014  |Info:    ------------------------------------------------------
1014  |Info:    |             Detecting I2C interfaces               |
1014  |Info:    ------------------------------------------------------
1014  |Info:    Registering I2C interface: /dev/i2c-3 Device 1002:164E Subsystem: 1462:7E26
1014  |Info:    Registering I2C interface: /dev/i2c-1 Device 1002:164E Subsystem: 1462:7E26
1014  |Info:    Registering I2C interface: /dev/i2c-8 Device 1022:790B Subsystem: 1462:7E26
1014  |Warning: [i2c_smbus_linux] Failed to read i2c device PCI device ID
1014  |Info:    Registering I2C interface: /dev/i2c-6 Device 0000:0000 Subsystem: 0000:0000
1014  |Warning: [i2c_smbus_linux] Failed to read i2c device PCI device ID
1014  |Info:    Registering I2C interface: /dev/i2c-4 Device 0000:0000 Subsystem: 0000:0000
1014  |Info:    Registering I2C interface: /dev/i2c-2 Device 1002:164E Subsystem: 1462:7E26
1014  |Info:    Registering I2C interface: /dev/i2c-0 Device 1002:164E Subsystem: 1462:7E26
1014  |Info:    Registering I2C interface: /dev/i2c-9 Device 1022:790B Subsystem: 1462:7E26
1014  |Info:    Registering I2C interface: /dev/i2c-7 Device 1022:790B Subsystem: 1462:7E26
1014  |Warning: [i2c_smbus_linux] Failed to read i2c device PCI device ID
1014  |Info:    Registering I2C interface: /dev/i2c-5 Device 0000:0000 Subsystem: 0000:0000
1014  |Info:    ------------------------------------------------------
1014  |Info:    |               Detecting I2C devices                |
1014  |Info:    ------------------------------------------------------
1303  |Info:    [ENE DRAM] Registering RGB controller
1484  |Info:    [ENE DRAM] Registering RGB controller
2397  |Info:    ------------------------------------------------------
2397  |Info:    |               Detecting I2C PCI devices            |
2397  |Info:    ------------------------------------------------------
2397  |Info:    ------------------------------------------------------
2397  |Info:    |               Detecting HID devices                |
2397  |Info:    ------------------------------------------------------
2465  |Info:    [KLM] Created new Tenkeyless ANSI QWERTY with 6 rows and 17 columns containing 87 keys
2465  |Info:    [Razer Huntsman V2 TKL] Registering RGB controller
2489  |Info:    [Razer Viper Ultimate (Wireless)] Registering RGB controller
2513  |Info:    [Razer Mouse Dock Chroma] Registering RGB controller
2513  |Info:    ------------------------------------------------------
2513  |Info:    |            Detecting libusb HID devices            |
2513  |Info:    ------------------------------------------------------
2598  |Info:    ------------------------------------------------------
2598  |Info:    |              Detecting other devices               |
2598  |Info:    ------------------------------------------------------
2605  |Info:    ------------------------------------------------------
2605  |Info:    |                Detection completed                 |
2605  |Info:    ------------------------------------------------------
6671  |Info:    Profile loading: Succeeded for ENE DRAM @ I2C: /dev/i2c-7, address 0x71
6671  |Info:    Profile loading: Succeeded for ENE DRAM @ I2C: /dev/i2c-7, address 0x73
6671  |Info:    Profile loading: Succeeded for Razer Huntsman V2 TKL @ HID: /dev/hidraw4
6671  |Info:    Profile loading: Succeeded for Razer Viper Ultimate (Wireless) @ HID: /dev/hidraw6
6671  |Info:    Profile loading: Succeeded for Razer Mouse Dock Chroma @ HID: /dev/hidraw10
