2024-10-07T16:10:11.425Z 0: 

----------------------------------------------
2024-10-07T16:10:11.430Z 1: Discord starting: {"releaseChannel":"stable","version":"0.0.70"}, modulepath: /home/alexeymasasin/.config/discord/0.0.70/modules
2024-10-07T16:10:11.432Z 2: ✅ webContents.created web1 ""
2024-10-07T16:10:11.433Z 3: ✅ window.created win1 "discord"
2024-10-07T16:10:11.654Z 4: ✅ webContents.did-finish-load web1
2024-10-07T16:10:17.987Z 5: ✅ webContents.created web2 ""
2024-10-07T16:10:17.998Z 6: ✅ window.created win2 "Discord"
2024-10-07T16:10:19.155Z 7: ✅ webContents.did-finish-load web2
2024-10-07T16:10:19.255Z 8: window.close win1
2024-10-07T16:10:19.258Z 9: webContents.destroyed web1
2024-10-07T16:10:19.259Z 10: window.closed win1
2024-10-07T16:13:48.007Z 0: 

----------------------------------------------
2024-10-07T16:13:48.012Z 1: Discord starting: {"releaseChannel":"stable","version":"0.0.70"}, modulepath: /home/alexeymasasin/.config/discord/0.0.70/modules
2024-10-07T16:13:48.013Z 2: ✅ webContents.created web1 ""
2024-10-07T16:13:48.014Z 3: ✅ window.created win1 "discord"
2024-10-07T16:13:48.237Z 4: ✅ webContents.did-finish-load web1
2024-10-07T16:13:48.568Z 5: ✅ webContents.created web2 ""
2024-10-07T16:13:48.574Z 6: ✅ window.created win2 "Discord"
2024-10-07T16:13:50.235Z 7: ✅ webContents.did-finish-load web2
2024-10-07T16:13:50.336Z 8: window.close win1
2024-10-07T16:13:50.339Z 9: webContents.destroyed web1
2024-10-07T16:13:50.340Z 10: window.closed win1
