2024-10-07 13:41:42.196 [info] Getting Manifest... ritwickdey.liveserver
2024-10-07 13:41:42.196 [info] Getting Manifest... mhutchie.git-graph
2024-10-07 13:41:42.196 [info] Getting Manifest... formulahendry.code-runner
2024-10-07 13:41:42.196 [info] Getting Manifest... dbaeumer.vscode-eslint
2024-10-07 13:41:42.196 [info] Getting Manifest... mikestead.dotenv
2024-10-07 13:41:42.196 [info] Getting Manifest... wix.vscode-import-cost
2024-10-07 13:41:42.196 [info] Getting Manifest... ms-vsliveshare.vsliveshare
2024-10-07 13:41:42.196 [info] Getting Manifest... ionutvmi.path-autocomplete
2024-10-07 13:41:42.197 [info] Getting Manifest... dsznajder.es7-react-js-snippets
2024-10-07 13:41:42.197 [info] Getting Manifest... daltonmenezes.aura-theme
2024-10-07 13:41:42.197 [info] Getting Manifest... formulahendry.auto-rename-tag
2024-10-07 13:41:42.197 [info] Getting Manifest... angelorafael.jsx-html-tags
2024-10-07 13:41:42.197 [info] Getting Manifest... esbenp.prettier-vscode
2024-10-07 13:41:42.197 [info] Getting Manifest... visualstudioexptteam.intellicode-api-usage-examples
2024-10-07 13:41:42.197 [info] Getting Manifest... fractalbrew.backticks
2024-10-07 13:41:42.197 [info] Getting Manifest... formulahendry.auto-close-tag
2024-10-07 13:41:42.197 [info] Getting Manifest... oderwat.indent-rainbow
2024-10-07 13:41:42.197 [info] Getting Manifest... xabikos.javascriptsnippets
2024-10-07 13:41:42.197 [info] Getting Manifest... simonsiefke.svg-preview
2024-10-07 13:41:42.197 [info] Getting Manifest... steoates.autoimport
2024-10-07 13:41:42.197 [info] Getting Manifest... christian-kohler.path-intellisense
2024-10-07 13:41:42.197 [info] Getting Manifest... kamikillerto.vscode-colorize
2024-10-07 13:41:42.197 [info] Getting Manifest... loczek.next-js-ts-snippets
2024-10-07 13:41:42.197 [info] Getting Manifest... cdonohue.quill-icons
2024-10-07 13:41:42.197 [info] Getting Manifest... ms-azuretools.vscode-docker
2024-10-07 13:41:42.197 [info] Getting Manifest... pulkitgangwar.nextjs-snippets
2024-10-07 13:41:42.197 [info] Getting Manifest... christian-kohler.npm-intellisense
2024-10-07 13:41:42.197 [info] Getting Manifest... beardedbear.beardedicons
2024-10-07 13:41:42.197 [info] Getting Manifest... artlaman.chalice-icon-theme
2024-10-07 13:41:42.197 [info] Getting Manifest... afzalsayed96.reacticons
2024-10-07 13:41:42.197 [info] Getting Manifest... davidwang.ini-for-vscode
2024-10-07 13:41:42.197 [info] Getting Manifest... ckolkman.vscode-postgres
2024-10-07 13:41:42.197 [info] Getting Manifest... gruntfuggly.todo-tree
2024-10-07 13:41:42.198 [info] Getting Manifest... stylelint.vscode-stylelint
2024-10-07 13:41:42.198 [info] Getting Manifest... alexeymasasin.rcw-120
2024-10-07 13:41:42.198 [info] Getting Manifest... vscodevim.vim
2024-10-07 13:41:42.198 [info] Getting Manifest... huytd.nord-light
2024-10-07 13:41:42.198 [info] Getting Manifest... daylerees.rainglow
2024-10-07 13:41:42.198 [info] Getting Manifest... vintharas.learn-vim
2024-10-07 13:41:42.198 [info] Getting Manifest... shd101wyy.markdown-preview-enhanced
2024-10-07 13:41:42.198 [info] Getting Manifest... alefragnani.project-manager
2024-10-07 13:41:42.198 [info] Getting Manifest... visualstudioexptteam.vscodeintellicode
2024-10-07 13:41:42.198 [info] Getting Manifest... bradlc.vscode-tailwindcss
2024-10-07 13:41:42.198 [info] Getting Manifest... codeium.codeium
2024-10-07 13:41:43.577 [info] Installing extension: esbenp.prettier-vscode {"isMachineScoped":false,"donotIncludePackAndDependencies":true,"installGivenVersion":false,"pinned":false,"installPreReleaseVersion":false,"profileLocation":{"$mid":1,"external":"vscode-userdata:/home/alexeymasasin/.vscode/extensions/extensions.json","path":"/home/alexeymasasin/.vscode/extensions/extensions.json","scheme":"vscode-userdata"},"isApplicationScoped":false,"context":{"skipWalkthrough":true,"extensionInstallSource":"settingsSync"},"installOnlyNewlyAddedFromExtensionPack":true,"productVersion":{"version":"1.94.0","date":"2024-10-02T13:08:12.626Z"}}
2024-10-07 13:41:43.577 [info] Installing extension: daylerees.rainglow {"isMachineScoped":false,"donotIncludePackAndDependencies":true,"installGivenVersion":false,"pinned":false,"installPreReleaseVersion":false,"profileLocation":{"$mid":1,"external":"vscode-userdata:/home/alexeymasasin/.vscode/extensions/extensions.json","path":"/home/alexeymasasin/.vscode/extensions/extensions.json","scheme":"vscode-userdata"},"isApplicationScoped":false,"context":{"skipWalkthrough":true,"extensionInstallSource":"settingsSync"},"installOnlyNewlyAddedFromExtensionPack":true,"productVersion":{"version":"1.94.0","date":"2024-10-02T13:08:12.626Z"}}
2024-10-07 13:41:43.577 [info] Installing extension: codeium.codeium {"isMachineScoped":false,"donotIncludePackAndDependencies":true,"installGivenVersion":true,"pinned":true,"installPreReleaseVersion":false,"profileLocation":{"$mid":1,"external":"vscode-userdata:/home/alexeymasasin/.vscode/extensions/extensions.json","path":"/home/alexeymasasin/.vscode/extensions/extensions.json","scheme":"vscode-userdata"},"isApplicationScoped":false,"context":{"skipWalkthrough":true,"extensionInstallSource":"settingsSync"},"installOnlyNewlyAddedFromExtensionPack":true,"productVersion":{"version":"1.94.0","date":"2024-10-02T13:08:12.626Z"}}
2024-10-07 13:41:43.577 [info] Installing extension: alexeymasasin.rcw-120 {"isMachineScoped":false,"donotIncludePackAndDependencies":true,"installGivenVersion":true,"pinned":true,"installPreReleaseVersion":false,"profileLocation":{"$mid":1,"external":"vscode-userdata:/home/alexeymasasin/.vscode/extensions/extensions.json","path":"/home/alexeymasasin/.vscode/extensions/extensions.json","scheme":"vscode-userdata"},"isApplicationScoped":false,"context":{"skipWalkthrough":true,"extensionInstallSource":"settingsSync"},"installOnlyNewlyAddedFromExtensionPack":true,"productVersion":{"version":"1.94.0","date":"2024-10-02T13:08:12.626Z"}}
2024-10-07 13:41:43.577 [info] Installing extension: angelorafael.jsx-html-tags {"isMachineScoped":false,"donotIncludePackAndDependencies":true,"installGivenVersion":false,"pinned":false,"installPreReleaseVersion":false,"profileLocation":{"$mid":1,"external":"vscode-userdata:/home/alexeymasasin/.vscode/extensions/extensions.json","path":"/home/alexeymasasin/.vscode/extensions/extensions.json","scheme":"vscode-userdata"},"isApplicationScoped":false,"context":{"skipWalkthrough":true,"extensionInstallSource":"settingsSync"},"installOnlyNewlyAddedFromExtensionPack":true,"productVersion":{"version":"1.94.0","date":"2024-10-02T13:08:12.626Z"}}
2024-10-07 13:41:43.577 [info] Installing extension: ritwickdey.liveserver {"isMachineScoped":false,"donotIncludePackAndDependencies":true,"installGivenVersion":false,"pinned":false,"installPreReleaseVersion":false,"profileLocation":{"$mid":1,"external":"vscode-userdata:/home/alexeymasasin/.vscode/extensions/extensions.json","path":"/home/alexeymasasin/.vscode/extensions/extensions.json","scheme":"vscode-userdata"},"isApplicationScoped":false,"context":{"skipWalkthrough":true,"extensionInstallSource":"settingsSync"},"installOnlyNewlyAddedFromExtensionPack":true,"productVersion":{"version":"1.94.0","date":"2024-10-02T13:08:12.626Z"}}
2024-10-07 13:41:43.577 [info] Installing extension: formulahendry.code-runner {"isMachineScoped":false,"donotIncludePackAndDependencies":true,"installGivenVersion":false,"pinned":false,"installPreReleaseVersion":false,"profileLocation":{"$mid":1,"external":"vscode-userdata:/home/alexeymasasin/.vscode/extensions/extensions.json","path":"/home/alexeymasasin/.vscode/extensions/extensions.json","scheme":"vscode-userdata"},"isApplicationScoped":false,"context":{"skipWalkthrough":true,"extensionInstallSource":"settingsSync"},"installOnlyNewlyAddedFromExtensionPack":true,"productVersion":{"version":"1.94.0","date":"2024-10-02T13:08:12.626Z"}}
2024-10-07 13:41:43.577 [info] Installing extension: formulahendry.auto-rename-tag {"isMachineScoped":false,"donotIncludePackAndDependencies":true,"installGivenVersion":false,"pinned":false,"installPreReleaseVersion":false,"profileLocation":{"$mid":1,"external":"vscode-userdata:/home/alexeymasasin/.vscode/extensions/extensions.json","path":"/home/alexeymasasin/.vscode/extensions/extensions.json","scheme":"vscode-userdata"},"isApplicationScoped":false,"context":{"skipWalkthrough":true,"extensionInstallSource":"settingsSync"},"installOnlyNewlyAddedFromExtensionPack":true,"productVersion":{"version":"1.94.0","date":"2024-10-02T13:08:12.626Z"}}
2024-10-07 13:41:43.577 [info] Installing extension: formulahendry.auto-close-tag {"isMachineScoped":false,"donotIncludePackAndDependencies":true,"installGivenVersion":false,"pinned":false,"installPreReleaseVersion":false,"profileLocation":{"$mid":1,"external":"vscode-userdata:/home/alexeymasasin/.vscode/extensions/extensions.json","path":"/home/alexeymasasin/.vscode/extensions/extensions.json","scheme":"vscode-userdata"},"isApplicationScoped":false,"context":{"skipWalkthrough":true,"extensionInstallSource":"settingsSync"},"installOnlyNewlyAddedFromExtensionPack":true,"productVersion":{"version":"1.94.0","date":"2024-10-02T13:08:12.626Z"}}
2024-10-07 13:41:43.577 [info] Installing extension: wix.vscode-import-cost {"isMachineScoped":false,"donotIncludePackAndDependencies":true,"installGivenVersion":false,"pinned":false,"installPreReleaseVersion":false,"profileLocation":{"$mid":1,"external":"vscode-userdata:/home/alexeymasasin/.vscode/extensions/extensions.json","path":"/home/alexeymasasin/.vscode/extensions/extensions.json","scheme":"vscode-userdata"},"isApplicationScoped":false,"context":{"skipWalkthrough":true,"extensionInstallSource":"settingsSync"},"installOnlyNewlyAddedFromExtensionPack":true,"productVersion":{"version":"1.94.0","date":"2024-10-02T13:08:12.626Z"}}
2024-10-07 13:41:43.577 [info] Installing extension: christian-kohler.path-intellisense {"isMachineScoped":false,"donotIncludePackAndDependencies":true,"installGivenVersion":false,"pinned":false,"installPreReleaseVersion":false,"profileLocation":{"$mid":1,"external":"vscode-userdata:/home/alexeymasasin/.vscode/extensions/extensions.json","path":"/home/alexeymasasin/.vscode/extensions/extensions.json","scheme":"vscode-userdata"},"isApplicationScoped":false,"context":{"skipWalkthrough":true,"extensionInstallSource":"settingsSync"},"installOnlyNewlyAddedFromExtensionPack":true,"productVersion":{"version":"1.94.0","date":"2024-10-02T13:08:12.626Z"}}
2024-10-07 13:41:43.577 [info] Installing extension: davidwang.ini-for-vscode {"isMachineScoped":false,"donotIncludePackAndDependencies":true,"installGivenVersion":false,"pinned":false,"installPreReleaseVersion":false,"profileLocation":{"$mid":1,"external":"vscode-userdata:/home/alexeymasasin/.vscode/extensions/extensions.json","path":"/home/alexeymasasin/.vscode/extensions/extensions.json","scheme":"vscode-userdata"},"isApplicationScoped":false,"context":{"skipWalkthrough":true,"extensionInstallSource":"settingsSync"},"installOnlyNewlyAddedFromExtensionPack":true,"productVersion":{"version":"1.94.0","date":"2024-10-02T13:08:12.626Z"}}
2024-10-07 13:41:43.577 [info] Installing extension: artlaman.chalice-icon-theme {"isMachineScoped":false,"donotIncludePackAndDependencies":true,"installGivenVersion":false,"pinned":false,"installPreReleaseVersion":false,"profileLocation":{"$mid":1,"external":"vscode-userdata:/home/alexeymasasin/.vscode/extensions/extensions.json","path":"/home/alexeymasasin/.vscode/extensions/extensions.json","scheme":"vscode-userdata"},"isApplicationScoped":false,"context":{"skipWalkthrough":true,"extensionInstallSource":"settingsSync"},"installOnlyNewlyAddedFromExtensionPack":true,"productVersion":{"version":"1.94.0","date":"2024-10-02T13:08:12.626Z"}}
2024-10-07 13:41:43.577 [info] Installing extension: mikestead.dotenv {"isMachineScoped":false,"donotIncludePackAndDependencies":true,"installGivenVersion":false,"pinned":false,"installPreReleaseVersion":false,"profileLocation":{"$mid":1,"external":"vscode-userdata:/home/alexeymasasin/.vscode/extensions/extensions.json","path":"/home/alexeymasasin/.vscode/extensions/extensions.json","scheme":"vscode-userdata"},"isApplicationScoped":false,"context":{"skipWalkthrough":true,"extensionInstallSource":"settingsSync"},"installOnlyNewlyAddedFromExtensionPack":true,"productVersion":{"version":"1.94.0","date":"2024-10-02T13:08:12.626Z"}}
2024-10-07 13:41:43.577 [info] Installing extension: christian-kohler.npm-intellisense {"isMachineScoped":false,"donotIncludePackAndDependencies":true,"installGivenVersion":false,"pinned":false,"installPreReleaseVersion":false,"profileLocation":{"$mid":1,"external":"vscode-userdata:/home/alexeymasasin/.vscode/extensions/extensions.json","path":"/home/alexeymasasin/.vscode/extensions/extensions.json","scheme":"vscode-userdata"},"isApplicationScoped":false,"context":{"skipWalkthrough":true,"extensionInstallSource":"settingsSync"},"installOnlyNewlyAddedFromExtensionPack":true,"productVersion":{"version":"1.94.0","date":"2024-10-02T13:08:12.626Z"}}
2024-10-07 13:41:43.577 [info] Installing extension: stylelint.vscode-stylelint {"isMachineScoped":false,"donotIncludePackAndDependencies":true,"installGivenVersion":false,"pinned":false,"installPreReleaseVersion":false,"profileLocation":{"$mid":1,"external":"vscode-userdata:/home/alexeymasasin/.vscode/extensions/extensions.json","path":"/home/alexeymasasin/.vscode/extensions/extensions.json","scheme":"vscode-userdata"},"isApplicationScoped":false,"context":{"skipWalkthrough":true,"extensionInstallSource":"settingsSync"},"installOnlyNewlyAddedFromExtensionPack":true,"productVersion":{"version":"1.94.0","date":"2024-10-02T13:08:12.626Z"}}
2024-10-07 13:41:43.578 [info] Installing extension: steoates.autoimport {"isMachineScoped":false,"donotIncludePackAndDependencies":true,"installGivenVersion":false,"pinned":false,"installPreReleaseVersion":false,"profileLocation":{"$mid":1,"external":"vscode-userdata:/home/alexeymasasin/.vscode/extensions/extensions.json","path":"/home/alexeymasasin/.vscode/extensions/extensions.json","scheme":"vscode-userdata"},"isApplicationScoped":false,"context":{"skipWalkthrough":true,"extensionInstallSource":"settingsSync"},"installOnlyNewlyAddedFromExtensionPack":true,"productVersion":{"version":"1.94.0","date":"2024-10-02T13:08:12.626Z"}}
2024-10-07 13:41:43.578 [info] Installing extension: dsznajder.es7-react-js-snippets {"isMachineScoped":false,"donotIncludePackAndDependencies":true,"installGivenVersion":false,"pinned":false,"installPreReleaseVersion":false,"profileLocation":{"$mid":1,"external":"vscode-userdata:/home/alexeymasasin/.vscode/extensions/extensions.json","path":"/home/alexeymasasin/.vscode/extensions/extensions.json","scheme":"vscode-userdata"},"isApplicationScoped":false,"context":{"skipWalkthrough":true,"extensionInstallSource":"settingsSync"},"installOnlyNewlyAddedFromExtensionPack":true,"productVersion":{"version":"1.94.0","date":"2024-10-02T13:08:12.626Z"}}
2024-10-07 13:41:43.578 [info] Installing extension: xabikos.javascriptsnippets {"isMachineScoped":false,"donotIncludePackAndDependencies":true,"installGivenVersion":false,"pinned":false,"installPreReleaseVersion":false,"profileLocation":{"$mid":1,"external":"vscode-userdata:/home/alexeymasasin/.vscode/extensions/extensions.json","path":"/home/alexeymasasin/.vscode/extensions/extensions.json","scheme":"vscode-userdata"},"isApplicationScoped":false,"context":{"skipWalkthrough":true,"extensionInstallSource":"settingsSync"},"installOnlyNewlyAddedFromExtensionPack":true,"productVersion":{"version":"1.94.0","date":"2024-10-02T13:08:12.626Z"}}
2024-10-07 13:41:43.578 [info] Installing extension: kamikillerto.vscode-colorize {"isMachineScoped":false,"donotIncludePackAndDependencies":true,"installGivenVersion":false,"pinned":false,"installPreReleaseVersion":false,"profileLocation":{"$mid":1,"external":"vscode-userdata:/home/alexeymasasin/.vscode/extensions/extensions.json","path":"/home/alexeymasasin/.vscode/extensions/extensions.json","scheme":"vscode-userdata"},"isApplicationScoped":false,"context":{"skipWalkthrough":true,"extensionInstallSource":"settingsSync"},"installOnlyNewlyAddedFromExtensionPack":true,"productVersion":{"version":"1.94.0","date":"2024-10-02T13:08:12.626Z"}}
2024-10-07 13:41:43.578 [info] Installing extension: gruntfuggly.todo-tree {"isMachineScoped":false,"donotIncludePackAndDependencies":true,"installGivenVersion":false,"pinned":false,"installPreReleaseVersion":false,"profileLocation":{"$mid":1,"external":"vscode-userdata:/home/alexeymasasin/.vscode/extensions/extensions.json","path":"/home/alexeymasasin/.vscode/extensions/extensions.json","scheme":"vscode-userdata"},"isApplicationScoped":false,"context":{"skipWalkthrough":true,"extensionInstallSource":"settingsSync"},"installOnlyNewlyAddedFromExtensionPack":true,"productVersion":{"version":"1.94.0","date":"2024-10-02T13:08:12.626Z"}}
2024-10-07 13:41:43.578 [info] Installing extension: fractalbrew.backticks {"isMachineScoped":false,"donotIncludePackAndDependencies":true,"installGivenVersion":false,"pinned":false,"installPreReleaseVersion":false,"profileLocation":{"$mid":1,"external":"vscode-userdata:/home/alexeymasasin/.vscode/extensions/extensions.json","path":"/home/alexeymasasin/.vscode/extensions/extensions.json","scheme":"vscode-userdata"},"isApplicationScoped":false,"context":{"skipWalkthrough":true,"extensionInstallSource":"settingsSync"},"installOnlyNewlyAddedFromExtensionPack":true,"productVersion":{"version":"1.94.0","date":"2024-10-02T13:08:12.626Z"}}
2024-10-07 13:41:43.578 [info] Installing extension: dbaeumer.vscode-eslint {"isMachineScoped":false,"donotIncludePackAndDependencies":true,"installGivenVersion":false,"pinned":false,"installPreReleaseVersion":false,"profileLocation":{"$mid":1,"external":"vscode-userdata:/home/alexeymasasin/.vscode/extensions/extensions.json","path":"/home/alexeymasasin/.vscode/extensions/extensions.json","scheme":"vscode-userdata"},"isApplicationScoped":false,"context":{"skipWalkthrough":true,"extensionInstallSource":"settingsSync"},"installOnlyNewlyAddedFromExtensionPack":true,"productVersion":{"version":"1.94.0","date":"2024-10-02T13:08:12.626Z"}}
2024-10-07 13:41:43.578 [info] Installing extension: cdonohue.quill-icons {"isMachineScoped":false,"donotIncludePackAndDependencies":true,"installGivenVersion":false,"pinned":false,"installPreReleaseVersion":false,"profileLocation":{"$mid":1,"external":"vscode-userdata:/home/alexeymasasin/.vscode/extensions/extensions.json","path":"/home/alexeymasasin/.vscode/extensions/extensions.json","scheme":"vscode-userdata"},"isApplicationScoped":false,"context":{"skipWalkthrough":true,"extensionInstallSource":"settingsSync"},"installOnlyNewlyAddedFromExtensionPack":true,"productVersion":{"version":"1.94.0","date":"2024-10-02T13:08:12.626Z"}}
2024-10-07 13:41:43.578 [info] Installing extension: mhutchie.git-graph {"isMachineScoped":false,"donotIncludePackAndDependencies":true,"installGivenVersion":false,"pinned":false,"installPreReleaseVersion":false,"profileLocation":{"$mid":1,"external":"vscode-userdata:/home/alexeymasasin/.vscode/extensions/extensions.json","path":"/home/alexeymasasin/.vscode/extensions/extensions.json","scheme":"vscode-userdata"},"isApplicationScoped":false,"context":{"skipWalkthrough":true,"extensionInstallSource":"settingsSync"},"installOnlyNewlyAddedFromExtensionPack":true,"productVersion":{"version":"1.94.0","date":"2024-10-02T13:08:12.626Z"}}
2024-10-07 13:41:43.578 [info] Installing extension: ms-azuretools.vscode-docker {"isMachineScoped":false,"donotIncludePackAndDependencies":true,"installGivenVersion":false,"pinned":false,"installPreReleaseVersion":false,"profileLocation":{"$mid":1,"external":"vscode-userdata:/home/alexeymasasin/.vscode/extensions/extensions.json","path":"/home/alexeymasasin/.vscode/extensions/extensions.json","scheme":"vscode-userdata"},"isApplicationScoped":false,"context":{"skipWalkthrough":true,"extensionInstallSource":"settingsSync"},"installOnlyNewlyAddedFromExtensionPack":true,"productVersion":{"version":"1.94.0","date":"2024-10-02T13:08:12.626Z"}}
2024-10-07 13:41:43.578 [info] Installing extension: simonsiefke.svg-preview {"isMachineScoped":false,"donotIncludePackAndDependencies":true,"installGivenVersion":false,"pinned":false,"installPreReleaseVersion":false,"profileLocation":{"$mid":1,"external":"vscode-userdata:/home/alexeymasasin/.vscode/extensions/extensions.json","path":"/home/alexeymasasin/.vscode/extensions/extensions.json","scheme":"vscode-userdata"},"isApplicationScoped":false,"context":{"skipWalkthrough":true,"extensionInstallSource":"settingsSync"},"installOnlyNewlyAddedFromExtensionPack":true,"productVersion":{"version":"1.94.0","date":"2024-10-02T13:08:12.626Z"}}
2024-10-07 13:41:43.578 [info] Installing extension: oderwat.indent-rainbow {"isMachineScoped":false,"donotIncludePackAndDependencies":true,"installGivenVersion":false,"pinned":false,"installPreReleaseVersion":false,"profileLocation":{"$mid":1,"external":"vscode-userdata:/home/alexeymasasin/.vscode/extensions/extensions.json","path":"/home/alexeymasasin/.vscode/extensions/extensions.json","scheme":"vscode-userdata"},"isApplicationScoped":false,"context":{"skipWalkthrough":true,"extensionInstallSource":"settingsSync"},"installOnlyNewlyAddedFromExtensionPack":true,"productVersion":{"version":"1.94.0","date":"2024-10-02T13:08:12.626Z"}}
2024-10-07 13:41:43.578 [info] Installing extension: afzalsayed96.reacticons {"isMachineScoped":false,"donotIncludePackAndDependencies":true,"installGivenVersion":false,"pinned":false,"installPreReleaseVersion":false,"profileLocation":{"$mid":1,"external":"vscode-userdata:/home/alexeymasasin/.vscode/extensions/extensions.json","path":"/home/alexeymasasin/.vscode/extensions/extensions.json","scheme":"vscode-userdata"},"isApplicationScoped":false,"context":{"skipWalkthrough":true,"extensionInstallSource":"settingsSync"},"installOnlyNewlyAddedFromExtensionPack":true,"productVersion":{"version":"1.94.0","date":"2024-10-02T13:08:12.626Z"}}
2024-10-07 13:41:43.578 [info] Installing extension: loczek.next-js-ts-snippets {"isMachineScoped":false,"donotIncludePackAndDependencies":true,"installGivenVersion":false,"pinned":false,"installPreReleaseVersion":false,"profileLocation":{"$mid":1,"external":"vscode-userdata:/home/alexeymasasin/.vscode/extensions/extensions.json","path":"/home/alexeymasasin/.vscode/extensions/extensions.json","scheme":"vscode-userdata"},"isApplicationScoped":false,"context":{"skipWalkthrough":true,"extensionInstallSource":"settingsSync"},"installOnlyNewlyAddedFromExtensionPack":true,"productVersion":{"version":"1.94.0","date":"2024-10-02T13:08:12.626Z"}}
2024-10-07 13:41:43.578 [info] Installing extension: ms-vsliveshare.vsliveshare {"isMachineScoped":false,"donotIncludePackAndDependencies":true,"installGivenVersion":false,"pinned":false,"installPreReleaseVersion":false,"profileLocation":{"$mid":1,"external":"vscode-userdata:/home/alexeymasasin/.vscode/extensions/extensions.json","path":"/home/alexeymasasin/.vscode/extensions/extensions.json","scheme":"vscode-userdata"},"isApplicationScoped":false,"context":{"skipWalkthrough":true,"extensionInstallSource":"settingsSync"},"installOnlyNewlyAddedFromExtensionPack":true,"productVersion":{"version":"1.94.0","date":"2024-10-02T13:08:12.626Z"}}
2024-10-07 13:41:43.578 [info] Installing extension: visualstudioexptteam.intellicode-api-usage-examples {"isMachineScoped":false,"donotIncludePackAndDependencies":true,"installGivenVersion":false,"pinned":false,"installPreReleaseVersion":false,"profileLocation":{"$mid":1,"external":"vscode-userdata:/home/alexeymasasin/.vscode/extensions/extensions.json","path":"/home/alexeymasasin/.vscode/extensions/extensions.json","scheme":"vscode-userdata"},"isApplicationScoped":false,"context":{"skipWalkthrough":true,"extensionInstallSource":"settingsSync"},"installOnlyNewlyAddedFromExtensionPack":true,"productVersion":{"version":"1.94.0","date":"2024-10-02T13:08:12.626Z"}}
2024-10-07 13:41:43.578 [info] Installing extension: visualstudioexptteam.vscodeintellicode {"isMachineScoped":false,"donotIncludePackAndDependencies":true,"installGivenVersion":false,"pinned":false,"installPreReleaseVersion":false,"profileLocation":{"$mid":1,"external":"vscode-userdata:/home/alexeymasasin/.vscode/extensions/extensions.json","path":"/home/alexeymasasin/.vscode/extensions/extensions.json","scheme":"vscode-userdata"},"isApplicationScoped":false,"context":{"skipWalkthrough":true,"extensionInstallSource":"settingsSync"},"installOnlyNewlyAddedFromExtensionPack":true,"productVersion":{"version":"1.94.0","date":"2024-10-02T13:08:12.626Z"}}
2024-10-07 13:41:43.578 [info] Installing extension: huytd.nord-light {"isMachineScoped":false,"donotIncludePackAndDependencies":true,"installGivenVersion":false,"pinned":false,"installPreReleaseVersion":false,"profileLocation":{"$mid":1,"external":"vscode-userdata:/home/alexeymasasin/.vscode/extensions/extensions.json","path":"/home/alexeymasasin/.vscode/extensions/extensions.json","scheme":"vscode-userdata"},"isApplicationScoped":false,"context":{"skipWalkthrough":true,"extensionInstallSource":"settingsSync"},"installOnlyNewlyAddedFromExtensionPack":true,"productVersion":{"version":"1.94.0","date":"2024-10-02T13:08:12.626Z"}}
2024-10-07 13:41:43.578 [info] Installing extension: shd101wyy.markdown-preview-enhanced {"isMachineScoped":false,"donotIncludePackAndDependencies":true,"installGivenVersion":false,"pinned":false,"installPreReleaseVersion":false,"profileLocation":{"$mid":1,"external":"vscode-userdata:/home/alexeymasasin/.vscode/extensions/extensions.json","path":"/home/alexeymasasin/.vscode/extensions/extensions.json","scheme":"vscode-userdata"},"isApplicationScoped":false,"context":{"skipWalkthrough":true,"extensionInstallSource":"settingsSync"},"installOnlyNewlyAddedFromExtensionPack":true,"productVersion":{"version":"1.94.0","date":"2024-10-02T13:08:12.626Z"}}
2024-10-07 13:41:43.578 [info] Installing extension: pulkitgangwar.nextjs-snippets {"isMachineScoped":false,"donotIncludePackAndDependencies":true,"installGivenVersion":false,"pinned":false,"installPreReleaseVersion":false,"profileLocation":{"$mid":1,"external":"vscode-userdata:/home/alexeymasasin/.vscode/extensions/extensions.json","path":"/home/alexeymasasin/.vscode/extensions/extensions.json","scheme":"vscode-userdata"},"isApplicationScoped":false,"context":{"skipWalkthrough":true,"extensionInstallSource":"settingsSync"},"installOnlyNewlyAddedFromExtensionPack":true,"productVersion":{"version":"1.94.0","date":"2024-10-02T13:08:12.626Z"}}
2024-10-07 13:41:43.579 [info] Installing extension: ionutvmi.path-autocomplete {"isMachineScoped":false,"donotIncludePackAndDependencies":true,"installGivenVersion":false,"pinned":false,"installPreReleaseVersion":false,"profileLocation":{"$mid":1,"external":"vscode-userdata:/home/alexeymasasin/.vscode/extensions/extensions.json","path":"/home/alexeymasasin/.vscode/extensions/extensions.json","scheme":"vscode-userdata"},"isApplicationScoped":false,"context":{"skipWalkthrough":true,"extensionInstallSource":"settingsSync"},"installOnlyNewlyAddedFromExtensionPack":true,"productVersion":{"version":"1.94.0","date":"2024-10-02T13:08:12.626Z"}}
2024-10-07 13:41:43.579 [info] Installing extension: beardedbear.beardedicons {"isMachineScoped":false,"donotIncludePackAndDependencies":true,"installGivenVersion":false,"pinned":false,"installPreReleaseVersion":false,"profileLocation":{"$mid":1,"external":"vscode-userdata:/home/alexeymasasin/.vscode/extensions/extensions.json","path":"/home/alexeymasasin/.vscode/extensions/extensions.json","scheme":"vscode-userdata"},"isApplicationScoped":false,"context":{"skipWalkthrough":true,"extensionInstallSource":"settingsSync"},"installOnlyNewlyAddedFromExtensionPack":true,"productVersion":{"version":"1.94.0","date":"2024-10-02T13:08:12.626Z"}}
2024-10-07 13:41:43.579 [info] Installing extension: ckolkman.vscode-postgres {"isMachineScoped":false,"donotIncludePackAndDependencies":true,"installGivenVersion":false,"pinned":false,"installPreReleaseVersion":false,"profileLocation":{"$mid":1,"external":"vscode-userdata:/home/alexeymasasin/.vscode/extensions/extensions.json","path":"/home/alexeymasasin/.vscode/extensions/extensions.json","scheme":"vscode-userdata"},"isApplicationScoped":false,"context":{"skipWalkthrough":true,"extensionInstallSource":"settingsSync"},"installOnlyNewlyAddedFromExtensionPack":true,"productVersion":{"version":"1.94.0","date":"2024-10-02T13:08:12.626Z"}}
2024-10-07 13:41:43.579 [info] Installing extension: vscodevim.vim {"isMachineScoped":false,"donotIncludePackAndDependencies":true,"installGivenVersion":false,"pinned":false,"installPreReleaseVersion":false,"profileLocation":{"$mid":1,"external":"vscode-userdata:/home/alexeymasasin/.vscode/extensions/extensions.json","path":"/home/alexeymasasin/.vscode/extensions/extensions.json","scheme":"vscode-userdata"},"isApplicationScoped":false,"context":{"skipWalkthrough":true,"extensionInstallSource":"settingsSync"},"installOnlyNewlyAddedFromExtensionPack":true,"productVersion":{"version":"1.94.0","date":"2024-10-02T13:08:12.626Z"}}
2024-10-07 13:41:43.579 [info] Installing extension: vintharas.learn-vim {"isMachineScoped":false,"donotIncludePackAndDependencies":true,"installGivenVersion":false,"pinned":false,"installPreReleaseVersion":false,"profileLocation":{"$mid":1,"external":"vscode-userdata:/home/alexeymasasin/.vscode/extensions/extensions.json","path":"/home/alexeymasasin/.vscode/extensions/extensions.json","scheme":"vscode-userdata"},"isApplicationScoped":false,"context":{"skipWalkthrough":true,"extensionInstallSource":"settingsSync"},"installOnlyNewlyAddedFromExtensionPack":true,"productVersion":{"version":"1.94.0","date":"2024-10-02T13:08:12.626Z"}}
2024-10-07 13:41:43.579 [info] Installing extension: daltonmenezes.aura-theme {"isMachineScoped":false,"donotIncludePackAndDependencies":true,"installGivenVersion":false,"pinned":false,"installPreReleaseVersion":false,"profileLocation":{"$mid":1,"external":"vscode-userdata:/home/alexeymasasin/.vscode/extensions/extensions.json","path":"/home/alexeymasasin/.vscode/extensions/extensions.json","scheme":"vscode-userdata"},"isApplicationScoped":false,"context":{"skipWalkthrough":true,"extensionInstallSource":"settingsSync"},"installOnlyNewlyAddedFromExtensionPack":true,"productVersion":{"version":"1.94.0","date":"2024-10-02T13:08:12.626Z"}}
2024-10-07 13:41:43.579 [info] Installing extension: alefragnani.project-manager {"isMachineScoped":false,"donotIncludePackAndDependencies":true,"installGivenVersion":false,"pinned":false,"installPreReleaseVersion":false,"profileLocation":{"$mid":1,"external":"vscode-userdata:/home/alexeymasasin/.vscode/extensions/extensions.json","path":"/home/alexeymasasin/.vscode/extensions/extensions.json","scheme":"vscode-userdata"},"isApplicationScoped":false,"context":{"skipWalkthrough":true,"extensionInstallSource":"settingsSync"},"installOnlyNewlyAddedFromExtensionPack":true,"productVersion":{"version":"1.94.0","date":"2024-10-02T13:08:12.626Z"}}
2024-10-07 13:41:43.579 [info] Installing extension: bradlc.vscode-tailwindcss {"isMachineScoped":false,"donotIncludePackAndDependencies":true,"installGivenVersion":false,"pinned":false,"installPreReleaseVersion":false,"profileLocation":{"$mid":1,"external":"vscode-userdata:/home/alexeymasasin/.vscode/extensions/extensions.json","path":"/home/alexeymasasin/.vscode/extensions/extensions.json","scheme":"vscode-userdata"},"isApplicationScoped":false,"context":{"skipWalkthrough":true,"extensionInstallSource":"settingsSync"},"installOnlyNewlyAddedFromExtensionPack":true,"productVersion":{"version":"1.94.0","date":"2024-10-02T13:08:12.626Z"}}
2024-10-07 13:41:43.579 [info] Installing the extension without checking dependencies and pack esbenp.prettier-vscode
2024-10-07 13:41:43.579 [info] Installing the extension without checking dependencies and pack daylerees.rainglow
2024-10-07 13:41:43.579 [info] Installing the extension without checking dependencies and pack codeium.codeium
2024-10-07 13:41:43.579 [info] Installing the extension without checking dependencies and pack alexeymasasin.rcw-120
2024-10-07 13:41:43.579 [info] Installing the extension without checking dependencies and pack angelorafael.jsx-html-tags
2024-10-07 13:41:43.579 [info] Installing the extension without checking dependencies and pack ritwickdey.liveserver
2024-10-07 13:41:43.579 [info] Installing the extension without checking dependencies and pack formulahendry.code-runner
2024-10-07 13:41:43.579 [info] Installing the extension without checking dependencies and pack formulahendry.auto-rename-tag
2024-10-07 13:41:43.579 [info] Installing the extension without checking dependencies and pack formulahendry.auto-close-tag
2024-10-07 13:41:43.579 [info] Installing the extension without checking dependencies and pack wix.vscode-import-cost
2024-10-07 13:41:43.579 [info] Installing the extension without checking dependencies and pack christian-kohler.path-intellisense
2024-10-07 13:41:43.579 [info] Installing the extension without checking dependencies and pack davidwang.ini-for-vscode
2024-10-07 13:41:43.579 [info] Installing the extension without checking dependencies and pack artlaman.chalice-icon-theme
2024-10-07 13:41:43.579 [info] Installing the extension without checking dependencies and pack mikestead.dotenv
2024-10-07 13:41:43.579 [info] Installing the extension without checking dependencies and pack christian-kohler.npm-intellisense
2024-10-07 13:41:43.580 [info] Installing the extension without checking dependencies and pack stylelint.vscode-stylelint
2024-10-07 13:41:43.580 [info] Installing the extension without checking dependencies and pack steoates.autoimport
2024-10-07 13:41:43.580 [info] Installing the extension without checking dependencies and pack dsznajder.es7-react-js-snippets
2024-10-07 13:41:43.580 [info] Installing the extension without checking dependencies and pack xabikos.javascriptsnippets
2024-10-07 13:41:43.580 [info] Installing the extension without checking dependencies and pack kamikillerto.vscode-colorize
2024-10-07 13:41:43.580 [info] Installing the extension without checking dependencies and pack gruntfuggly.todo-tree
2024-10-07 13:41:43.580 [info] Installing the extension without checking dependencies and pack fractalbrew.backticks
2024-10-07 13:41:43.580 [info] Installing the extension without checking dependencies and pack dbaeumer.vscode-eslint
2024-10-07 13:41:43.580 [info] Installing the extension without checking dependencies and pack cdonohue.quill-icons
2024-10-07 13:41:43.580 [info] Installing the extension without checking dependencies and pack mhutchie.git-graph
2024-10-07 13:41:43.580 [info] Installing the extension without checking dependencies and pack ms-azuretools.vscode-docker
2024-10-07 13:41:43.580 [info] Installing the extension without checking dependencies and pack simonsiefke.svg-preview
2024-10-07 13:41:43.581 [info] Installing the extension without checking dependencies and pack oderwat.indent-rainbow
2024-10-07 13:41:43.581 [info] Installing the extension without checking dependencies and pack afzalsayed96.reacticons
2024-10-07 13:41:43.581 [info] Installing the extension without checking dependencies and pack loczek.next-js-ts-snippets
2024-10-07 13:41:43.581 [info] Installing the extension without checking dependencies and pack ms-vsliveshare.vsliveshare
2024-10-07 13:41:43.581 [info] Installing the extension without checking dependencies and pack visualstudioexptteam.intellicode-api-usage-examples
2024-10-07 13:41:43.581 [info] Installing the extension without checking dependencies and pack visualstudioexptteam.vscodeintellicode
2024-10-07 13:41:43.581 [info] Installing the extension without checking dependencies and pack huytd.nord-light
2024-10-07 13:41:43.581 [info] Installing the extension without checking dependencies and pack shd101wyy.markdown-preview-enhanced
2024-10-07 13:41:43.581 [info] Installing the extension without checking dependencies and pack pulkitgangwar.nextjs-snippets
2024-10-07 13:41:43.581 [info] Installing the extension without checking dependencies and pack ionutvmi.path-autocomplete
2024-10-07 13:41:43.581 [info] Installing the extension without checking dependencies and pack beardedbear.beardedicons
2024-10-07 13:41:43.581 [info] Installing the extension without checking dependencies and pack ckolkman.vscode-postgres
2024-10-07 13:41:43.581 [info] Installing the extension without checking dependencies and pack vscodevim.vim
2024-10-07 13:41:43.581 [info] Installing the extension without checking dependencies and pack vintharas.learn-vim
2024-10-07 13:41:43.581 [info] Installing the extension without checking dependencies and pack daltonmenezes.aura-theme
2024-10-07 13:41:43.581 [info] Installing the extension without checking dependencies and pack alefragnani.project-manager
2024-10-07 13:41:43.581 [info] Installing the extension without checking dependencies and pack bradlc.vscode-tailwindcss
2024-10-07 13:41:45.040 [info] Extension signature verification result for fractalbrew.backticks: UnknownError. Executed: true. Duration: 11ms.
2024-10-07 13:41:45.046 [info] Extracted extension to file:///home/alexeymasasin/.vscode/extensions/fractalbrew.backticks-1.7.0: fractalbrew.backticks
2024-10-07 13:41:45.047 [info] Renamed to /home/alexeymasasin/.vscode/extensions/fractalbrew.backticks-1.7.0
2024-10-07 13:41:45.126 [error] [uncaught exception in sharedProcess]: Error: ENOENT: no such file or directory, stat '/home/alexeymasasin/.vscode/extensions/extensions.json.vsctmp': EntryNotFound (FileSystemError): Error: ENOENT: no such file or directory, stat '/home/alexeymasasin/.vscode/extensions/extensions.json.vsctmp'
    at lm.create (file:///opt/visual-studio-code/resources/app/out/vs/code/electron-utility/sharedProcess/sharedProcessMain.js:35:39253)
    at Es (file:///opt/visual-studio-code/resources/app/out/vs/code/electron-utility/sharedProcess/sharedProcessMain.js:35:39360)
    at Fr.ib (file:///opt/visual-studio-code/resources/app/out/vs/code/electron-utility/sharedProcess/sharedProcessMain.js:71:22661)
    at Fr.stat (file:///opt/visual-studio-code/resources/app/out/vs/code/electron-utility/sharedProcess/sharedProcessMain.js:71:15994)
    at async eh.stat (file:///opt/visual-studio-code/resources/app/out/vs/code/electron-utility/sharedProcess/sharedProcessMain.js:70:84484)
    at async Kl.yb (file:///opt/visual-studio-code/resources/app/out/vs/code/electron-utility/sharedProcess/sharedProcessMain.js:70:66600)
2024-10-07 13:41:45.539 [info] Extension signature verification result for simonsiefke.svg-preview: UnknownError. Executed: true. Duration: 5ms.
2024-10-07 13:41:45.546 [info] Extracted extension to file:///home/alexeymasasin/.vscode/extensions/simonsiefke.svg-preview-2.8.3: simonsiefke.svg-preview
2024-10-07 13:41:45.547 [info] Renamed to /home/alexeymasasin/.vscode/extensions/simonsiefke.svg-preview-2.8.3
2024-10-07 13:41:45.624 [error] [uncaught exception in sharedProcess]: Error: ENOENT: no such file or directory, stat '/home/alexeymasasin/.vscode/extensions/extensions.json.vsctmp': EntryNotFound (FileSystemError): Error: ENOENT: no such file or directory, stat '/home/alexeymasasin/.vscode/extensions/extensions.json.vsctmp'
    at lm.create (file:///opt/visual-studio-code/resources/app/out/vs/code/electron-utility/sharedProcess/sharedProcessMain.js:35:39253)
    at Es (file:///opt/visual-studio-code/resources/app/out/vs/code/electron-utility/sharedProcess/sharedProcessMain.js:35:39360)
    at Fr.ib (file:///opt/visual-studio-code/resources/app/out/vs/code/electron-utility/sharedProcess/sharedProcessMain.js:71:22661)
    at Fr.stat (file:///opt/visual-studio-code/resources/app/out/vs/code/electron-utility/sharedProcess/sharedProcessMain.js:71:15994)
    at async eh.stat (file:///opt/visual-studio-code/resources/app/out/vs/code/electron-utility/sharedProcess/sharedProcessMain.js:70:84484)
    at async Kl.yb (file:///opt/visual-studio-code/resources/app/out/vs/code/electron-utility/sharedProcess/sharedProcessMain.js:70:66600)
2024-10-07 13:41:45.712 [info] Extension signature verification result for ionutvmi.path-autocomplete: UnknownError. Executed: true. Duration: 5ms.
2024-10-07 13:41:45.724 [info] Extracted extension to file:///home/alexeymasasin/.vscode/extensions/ionutvmi.path-autocomplete-1.25.0: ionutvmi.path-autocomplete
2024-10-07 13:41:45.726 [info] Renamed to /home/alexeymasasin/.vscode/extensions/ionutvmi.path-autocomplete-1.25.0
2024-10-07 13:41:45.803 [error] [uncaught exception in sharedProcess]: Error: ENOENT: no such file or directory, stat '/home/alexeymasasin/.vscode/extensions/extensions.json.vsctmp': EntryNotFound (FileSystemError): Error: ENOENT: no such file or directory, stat '/home/alexeymasasin/.vscode/extensions/extensions.json.vsctmp'
    at lm.create (file:///opt/visual-studio-code/resources/app/out/vs/code/electron-utility/sharedProcess/sharedProcessMain.js:35:39253)
    at Es (file:///opt/visual-studio-code/resources/app/out/vs/code/electron-utility/sharedProcess/sharedProcessMain.js:35:39360)
    at Fr.ib (file:///opt/visual-studio-code/resources/app/out/vs/code/electron-utility/sharedProcess/sharedProcessMain.js:71:22661)
    at Fr.stat (file:///opt/visual-studio-code/resources/app/out/vs/code/electron-utility/sharedProcess/sharedProcessMain.js:71:15994)
    at async eh.stat (file:///opt/visual-studio-code/resources/app/out/vs/code/electron-utility/sharedProcess/sharedProcessMain.js:70:84484)
    at async Kl.yb (file:///opt/visual-studio-code/resources/app/out/vs/code/electron-utility/sharedProcess/sharedProcessMain.js:70:66600)
2024-10-07 13:41:46.013 [info] Extension signature verification result for mikestead.dotenv: UnknownError. Executed: true. Duration: 5ms.
2024-10-07 13:41:46.023 [info] Extracted extension to file:///home/alexeymasasin/.vscode/extensions/mikestead.dotenv-1.0.1: mikestead.dotenv
2024-10-07 13:41:46.024 [info] Renamed to /home/alexeymasasin/.vscode/extensions/mikestead.dotenv-1.0.1
2024-10-07 13:41:46.102 [error] [uncaught exception in sharedProcess]: Error: ENOENT: no such file or directory, stat '/home/alexeymasasin/.vscode/extensions/extensions.json.vsctmp': EntryNotFound (FileSystemError): Error: ENOENT: no such file or directory, stat '/home/alexeymasasin/.vscode/extensions/extensions.json.vsctmp'
    at lm.create (file:///opt/visual-studio-code/resources/app/out/vs/code/electron-utility/sharedProcess/sharedProcessMain.js:35:39253)
    at Es (file:///opt/visual-studio-code/resources/app/out/vs/code/electron-utility/sharedProcess/sharedProcessMain.js:35:39360)
    at Fr.ib (file:///opt/visual-studio-code/resources/app/out/vs/code/electron-utility/sharedProcess/sharedProcessMain.js:71:22661)
    at Fr.stat (file:///opt/visual-studio-code/resources/app/out/vs/code/electron-utility/sharedProcess/sharedProcessMain.js:71:15994)
    at async eh.stat (file:///opt/visual-studio-code/resources/app/out/vs/code/electron-utility/sharedProcess/sharedProcessMain.js:70:84484)
    at async Kl.yb (file:///opt/visual-studio-code/resources/app/out/vs/code/electron-utility/sharedProcess/sharedProcessMain.js:70:66600)
2024-10-07 13:41:46.586 [info] Extension signature verification result for dbaeumer.vscode-eslint: UnknownError. Executed: true. Duration: 5ms.
2024-10-07 13:41:46.590 [info] Extension signature verification result for mhutchie.git-graph: UnknownError. Executed: true. Duration: 4ms.
2024-10-07 13:41:46.600 [info] Extracted extension to file:///home/alexeymasasin/.vscode/extensions/dbaeumer.vscode-eslint-3.0.10: dbaeumer.vscode-eslint
2024-10-07 13:41:46.601 [info] Renamed to /home/alexeymasasin/.vscode/extensions/dbaeumer.vscode-eslint-3.0.10
2024-10-07 13:41:46.618 [info] Extracted extension to file:///home/alexeymasasin/.vscode/extensions/mhutchie.git-graph-1.30.0: mhutchie.git-graph
2024-10-07 13:41:46.620 [info] Renamed to /home/alexeymasasin/.vscode/extensions/mhutchie.git-graph-1.30.0
2024-10-07 13:41:46.679 [error] [uncaught exception in sharedProcess]: Error: ENOENT: no such file or directory, stat '/home/alexeymasasin/.vscode/extensions/extensions.json.vsctmp': EntryNotFound (FileSystemError): Error: ENOENT: no such file or directory, stat '/home/alexeymasasin/.vscode/extensions/extensions.json.vsctmp'
    at lm.create (file:///opt/visual-studio-code/resources/app/out/vs/code/electron-utility/sharedProcess/sharedProcessMain.js:35:39253)
    at Es (file:///opt/visual-studio-code/resources/app/out/vs/code/electron-utility/sharedProcess/sharedProcessMain.js:35:39360)
    at Fr.ib (file:///opt/visual-studio-code/resources/app/out/vs/code/electron-utility/sharedProcess/sharedProcessMain.js:71:22661)
    at Fr.stat (file:///opt/visual-studio-code/resources/app/out/vs/code/electron-utility/sharedProcess/sharedProcessMain.js:71:15994)
    at async eh.stat (file:///opt/visual-studio-code/resources/app/out/vs/code/electron-utility/sharedProcess/sharedProcessMain.js:70:84484)
    at async Kl.yb (file:///opt/visual-studio-code/resources/app/out/vs/code/electron-utility/sharedProcess/sharedProcessMain.js:70:66600)
2024-10-07 13:41:49.084 [info] Extension signature verification result for ms-azuretools.vscode-docker: UnknownError. Executed: true. Duration: 5ms.
2024-10-07 13:41:49.117 [info] Extracted extension to file:///home/alexeymasasin/.vscode/extensions/ms-azuretools.vscode-docker-1.29.3: ms-azuretools.vscode-docker
2024-10-07 13:41:49.119 [info] Renamed to /home/alexeymasasin/.vscode/extensions/ms-azuretools.vscode-docker-1.29.3
2024-10-07 13:41:49.198 [error] [uncaught exception in sharedProcess]: Error: ENOENT: no such file or directory, stat '/home/alexeymasasin/.vscode/extensions/extensions.json.vsctmp': EntryNotFound (FileSystemError): Error: ENOENT: no such file or directory, stat '/home/alexeymasasin/.vscode/extensions/extensions.json.vsctmp'
    at lm.create (file:///opt/visual-studio-code/resources/app/out/vs/code/electron-utility/sharedProcess/sharedProcessMain.js:35:39253)
    at Es (file:///opt/visual-studio-code/resources/app/out/vs/code/electron-utility/sharedProcess/sharedProcessMain.js:35:39360)
    at Fr.ib (file:///opt/visual-studio-code/resources/app/out/vs/code/electron-utility/sharedProcess/sharedProcessMain.js:71:22661)
    at Fr.stat (file:///opt/visual-studio-code/resources/app/out/vs/code/electron-utility/sharedProcess/sharedProcessMain.js:71:15994)
    at async eh.stat (file:///opt/visual-studio-code/resources/app/out/vs/code/electron-utility/sharedProcess/sharedProcessMain.js:70:84484)
    at async Kl.yb (file:///opt/visual-studio-code/resources/app/out/vs/code/electron-utility/sharedProcess/sharedProcessMain.js:70:66600)
2024-10-07 13:41:50.729 [info] Extension signature verification result for oderwat.indent-rainbow: UnknownError. Executed: true. Duration: 6ms.
2024-10-07 13:41:50.982 [info] Extracted extension to file:///home/alexeymasasin/.vscode/extensions/oderwat.indent-rainbow-8.3.1: oderwat.indent-rainbow
2024-10-07 13:41:50.986 [info] Renamed to /home/alexeymasasin/.vscode/extensions/oderwat.indent-rainbow-8.3.1
2024-10-07 13:41:51.064 [error] [uncaught exception in sharedProcess]: Error: ENOENT: no such file or directory, stat '/home/alexeymasasin/.vscode/extensions/extensions.json.vsctmp': EntryNotFound (FileSystemError): Error: ENOENT: no such file or directory, stat '/home/alexeymasasin/.vscode/extensions/extensions.json.vsctmp'
    at lm.create (file:///opt/visual-studio-code/resources/app/out/vs/code/electron-utility/sharedProcess/sharedProcessMain.js:35:39253)
    at Es (file:///opt/visual-studio-code/resources/app/out/vs/code/electron-utility/sharedProcess/sharedProcessMain.js:35:39360)
    at Fr.ib (file:///opt/visual-studio-code/resources/app/out/vs/code/electron-utility/sharedProcess/sharedProcessMain.js:71:22661)
    at Fr.stat (file:///opt/visual-studio-code/resources/app/out/vs/code/electron-utility/sharedProcess/sharedProcessMain.js:71:15994)
    at async eh.stat (file:///opt/visual-studio-code/resources/app/out/vs/code/electron-utility/sharedProcess/sharedProcessMain.js:70:84484)
    at async Kl.yb (file:///opt/visual-studio-code/resources/app/out/vs/code/electron-utility/sharedProcess/sharedProcessMain.js:70:66600)
2024-10-07 13:41:51.184 [info] Extension signature verification result for afzalsayed96.reacticons: UnknownError. Executed: true. Duration: 4ms.
2024-10-07 13:41:51.216 [info] Extracted extension to file:///home/alexeymasasin/.vscode/extensions/afzalsayed96.reacticons-0.1.4: afzalsayed96.reacticons
2024-10-07 13:41:51.217 [info] Renamed to /home/alexeymasasin/.vscode/extensions/afzalsayed96.reacticons-0.1.4
2024-10-07 13:41:51.294 [error] [uncaught exception in sharedProcess]: Error: ENOENT: no such file or directory, stat '/home/alexeymasasin/.vscode/extensions/extensions.json.vsctmp': EntryNotFound (FileSystemError): Error: ENOENT: no such file or directory, stat '/home/alexeymasasin/.vscode/extensions/extensions.json.vsctmp'
    at lm.create (file:///opt/visual-studio-code/resources/app/out/vs/code/electron-utility/sharedProcess/sharedProcessMain.js:35:39253)
    at Es (file:///opt/visual-studio-code/resources/app/out/vs/code/electron-utility/sharedProcess/sharedProcessMain.js:35:39360)
    at Fr.ib (file:///opt/visual-studio-code/resources/app/out/vs/code/electron-utility/sharedProcess/sharedProcessMain.js:71:22661)
    at Fr.stat (file:///opt/visual-studio-code/resources/app/out/vs/code/electron-utility/sharedProcess/sharedProcessMain.js:71:15994)
    at async eh.stat (file:///opt/visual-studio-code/resources/app/out/vs/code/electron-utility/sharedProcess/sharedProcessMain.js:70:84484)
    at async Kl.yb (file:///opt/visual-studio-code/resources/app/out/vs/code/electron-utility/sharedProcess/sharedProcessMain.js:70:66600)
2024-10-07 13:41:52.295 [info] Extension signature verification result for ckolkman.vscode-postgres: UnknownError. Executed: true. Duration: 5ms.
2024-10-07 13:41:52.454 [info] Extracted extension to file:///home/alexeymasasin/.vscode/extensions/ckolkman.vscode-postgres-1.4.3: ckolkman.vscode-postgres
2024-10-07 13:41:52.455 [info] Renamed to /home/alexeymasasin/.vscode/extensions/ckolkman.vscode-postgres-1.4.3
2024-10-07 13:41:52.474 [error] [uncaught exception in sharedProcess]: Error: ENOENT: no such file or directory, stat '/home/alexeymasasin/.vscode/extensions/extensions.json.vsctmp': EntryNotFound (FileSystemError): Error: ENOENT: no such file or directory, stat '/home/alexeymasasin/.vscode/extensions/extensions.json.vsctmp'
    at lm.create (file:///opt/visual-studio-code/resources/app/out/vs/code/electron-utility/sharedProcess/sharedProcessMain.js:35:39253)
    at Es (file:///opt/visual-studio-code/resources/app/out/vs/code/electron-utility/sharedProcess/sharedProcessMain.js:35:39360)
    at Fr.ib (file:///opt/visual-studio-code/resources/app/out/vs/code/electron-utility/sharedProcess/sharedProcessMain.js:71:22661)
    at Fr.stat (file:///opt/visual-studio-code/resources/app/out/vs/code/electron-utility/sharedProcess/sharedProcessMain.js:71:15994)
    at async eh.stat (file:///opt/visual-studio-code/resources/app/out/vs/code/electron-utility/sharedProcess/sharedProcessMain.js:70:84484)
    at async Kl.yb (file:///opt/visual-studio-code/resources/app/out/vs/code/electron-utility/sharedProcess/sharedProcessMain.js:70:66600)
2024-10-07 13:41:52.603 [info] Extension signature verification result for ms-vsliveshare.vsliveshare: UnknownError. Executed: true. Duration: 4ms.
2024-10-07 13:41:52.630 [info] Extension signature verification result for beardedbear.beardedicons: UnknownError. Executed: true. Duration: 5ms.
2024-10-07 13:41:52.740 [info] Extracted extension to file:///home/alexeymasasin/.vscode/extensions/beardedbear.beardedicons-1.18.0: beardedbear.beardedicons
2024-10-07 13:41:52.743 [info] Renamed to /home/alexeymasasin/.vscode/extensions/beardedbear.beardedicons-1.18.0
2024-10-07 13:41:52.783 [error] [uncaught exception in sharedProcess]: Error: ENOENT: no such file or directory, stat '/home/alexeymasasin/.vscode/extensions/extensions.json.vsctmp': EntryNotFound (FileSystemError): Error: ENOENT: no such file or directory, stat '/home/alexeymasasin/.vscode/extensions/extensions.json.vsctmp'
    at lm.create (file:///opt/visual-studio-code/resources/app/out/vs/code/electron-utility/sharedProcess/sharedProcessMain.js:35:39253)
    at Es (file:///opt/visual-studio-code/resources/app/out/vs/code/electron-utility/sharedProcess/sharedProcessMain.js:35:39360)
    at Fr.ib (file:///opt/visual-studio-code/resources/app/out/vs/code/electron-utility/sharedProcess/sharedProcessMain.js:71:22661)
    at Fr.stat (file:///opt/visual-studio-code/resources/app/out/vs/code/electron-utility/sharedProcess/sharedProcessMain.js:71:15994)
    at async eh.stat (file:///opt/visual-studio-code/resources/app/out/vs/code/electron-utility/sharedProcess/sharedProcessMain.js:70:84484)
    at async Kl.yb (file:///opt/visual-studio-code/resources/app/out/vs/code/electron-utility/sharedProcess/sharedProcessMain.js:70:66600)
2024-10-07 13:41:52.803 [info] Extracted extension to file:///home/alexeymasasin/.vscode/extensions/ms-vsliveshare.vsliveshare-1.0.5941: ms-vsliveshare.vsliveshare
2024-10-07 13:41:52.805 [info] Renamed to /home/alexeymasasin/.vscode/extensions/ms-vsliveshare.vsliveshare-1.0.5941
2024-10-07 13:42:07.298 [info] Extension signature verification result for formulahendry.code-runner: UnknownError. Executed: true. Duration: 9ms.
2024-10-07 13:42:07.302 [info] Extension signature verification result for christian-kohler.path-intellisense: UnknownError. Executed: true. Duration: 7ms.
2024-10-07 13:42:07.304 [info] Extension signature verification result for formulahendry.auto-rename-tag: UnknownError. Executed: true. Duration: 4ms.
2024-10-07 13:42:07.311 [info] Extension signature verification result for vintharas.learn-vim: UnknownError. Executed: true. Duration: 7ms.
2024-10-07 13:42:07.314 [info] Extension signature verification result for alexeymasasin.rcw-120: UnknownError. Executed: true. Duration: 6ms.
2024-10-07 13:42:07.317 [info] Extension signature verification result for xabikos.javascriptsnippets: UnknownError. Executed: true. Duration: 6ms.
2024-10-07 13:42:07.320 [info] Extension signature verification result for pulkitgangwar.nextjs-snippets: UnknownError. Executed: true. Duration: 6ms.
2024-10-07 13:42:07.324 [info] Extension signature verification result for stylelint.vscode-stylelint: UnknownError. Executed: true. Duration: 7ms.
2024-10-07 13:42:07.325 [info] Extension signature verification result for davidwang.ini-for-vscode: UnknownError. Executed: true. Duration: 4ms.
2024-10-07 13:42:07.333 [info] Extracted extension to file:///home/alexeymasasin/.vscode/extensions/xabikos.javascriptsnippets-1.8.0: xabikos.javascriptsnippets
2024-10-07 13:42:07.334 [info] Extracted extension to file:///home/alexeymasasin/.vscode/extensions/alexeymasasin.rcw-120-1.0.0: alexeymasasin.rcw-120
2024-10-07 13:42:07.335 [info] Renamed to /home/alexeymasasin/.vscode/extensions/xabikos.javascriptsnippets-1.8.0
2024-10-07 13:42:07.336 [info] Extracted extension to file:///home/alexeymasasin/.vscode/extensions/pulkitgangwar.nextjs-snippets-1.0.2: pulkitgangwar.nextjs-snippets
2024-10-07 13:42:07.336 [info] Renamed to /home/alexeymasasin/.vscode/extensions/alexeymasasin.rcw-120-1.0.0
2024-10-07 13:42:07.339 [info] Renamed to /home/alexeymasasin/.vscode/extensions/pulkitgangwar.nextjs-snippets-1.0.2
2024-10-07 13:42:07.356 [info] Extracted extension to file:///home/alexeymasasin/.vscode/extensions/davidwang.ini-for-vscode-0.0.4: davidwang.ini-for-vscode
2024-10-07 13:42:07.362 [info] Renamed to /home/alexeymasasin/.vscode/extensions/davidwang.ini-for-vscode-0.0.4
2024-10-07 13:42:07.363 [info] Extension signature verification result for vscodevim.vim: UnknownError. Executed: true. Duration: 5ms.
2024-10-07 13:42:07.373 [info] Extracted extension to file:///home/alexeymasasin/.vscode/extensions/stylelint.vscode-stylelint-1.4.0: stylelint.vscode-stylelint
2024-10-07 13:42:07.374 [info] Renamed to /home/alexeymasasin/.vscode/extensions/stylelint.vscode-stylelint-1.4.0
2024-10-07 13:42:07.387 [info] Extracted extension to file:///home/alexeymasasin/.vscode/extensions/formulahendry.auto-rename-tag-0.1.10: formulahendry.auto-rename-tag
2024-10-07 13:42:07.388 [info] Renamed to /home/alexeymasasin/.vscode/extensions/formulahendry.auto-rename-tag-0.1.10
2024-10-07 13:42:07.405 [info] Extracted extension to file:///home/alexeymasasin/.vscode/extensions/christian-kohler.path-intellisense-2.9.0: christian-kohler.path-intellisense
2024-10-07 13:42:07.406 [info] Renamed to /home/alexeymasasin/.vscode/extensions/christian-kohler.path-intellisense-2.9.0
2024-10-07 13:42:07.413 [info] Extracted extension to file:///home/alexeymasasin/.vscode/extensions/vintharas.learn-vim-0.0.28: vintharas.learn-vim
2024-10-07 13:42:07.414 [error] [uncaught exception in sharedProcess]: Error: ENOENT: no such file or directory, stat '/home/alexeymasasin/.vscode/extensions/extensions.json.vsctmp': EntryNotFound (FileSystemError): Error: ENOENT: no such file or directory, stat '/home/alexeymasasin/.vscode/extensions/extensions.json.vsctmp'
    at lm.create (file:///opt/visual-studio-code/resources/app/out/vs/code/electron-utility/sharedProcess/sharedProcessMain.js:35:39253)
    at Es (file:///opt/visual-studio-code/resources/app/out/vs/code/electron-utility/sharedProcess/sharedProcessMain.js:35:39360)
    at Fr.ib (file:///opt/visual-studio-code/resources/app/out/vs/code/electron-utility/sharedProcess/sharedProcessMain.js:71:22661)
    at Fr.stat (file:///opt/visual-studio-code/resources/app/out/vs/code/electron-utility/sharedProcess/sharedProcessMain.js:71:15994)
    at async eh.stat (file:///opt/visual-studio-code/resources/app/out/vs/code/electron-utility/sharedProcess/sharedProcessMain.js:70:84484)
    at async Kl.yb (file:///opt/visual-studio-code/resources/app/out/vs/code/electron-utility/sharedProcess/sharedProcessMain.js:70:66600)
2024-10-07 13:42:07.415 [info] Renamed to /home/alexeymasasin/.vscode/extensions/vintharas.learn-vim-0.0.28
2024-10-07 13:42:07.417 [info] Extracted extension to file:///home/alexeymasasin/.vscode/extensions/vscodevim.vim-1.28.1: vscodevim.vim
2024-10-07 13:42:07.418 [info] Renamed to /home/alexeymasasin/.vscode/extensions/vscodevim.vim-1.28.1
2024-10-07 13:42:07.439 [info] Extracted extension to file:///home/alexeymasasin/.vscode/extensions/formulahendry.code-runner-0.12.2: formulahendry.code-runner
2024-10-07 13:42:07.441 [info] Renamed to /home/alexeymasasin/.vscode/extensions/formulahendry.code-runner-0.12.2
2024-10-07 13:42:18.518 [info] Extension signature verification result for artlaman.chalice-icon-theme: UnknownError. Executed: true. Duration: 6ms.
2024-10-07 13:42:18.519 [info] Extension signature verification result for christian-kohler.npm-intellisense: UnknownError. Executed: true. Duration: 4ms.
2024-10-07 13:42:18.524 [info] Extension signature verification result for daylerees.rainglow: UnknownError. Executed: true. Duration: 3ms.
2024-10-07 13:42:18.526 [info] Extracted extension to file:///home/alexeymasasin/.vscode/extensions/artlaman.chalice-icon-theme-1.2.24: artlaman.chalice-icon-theme
2024-10-07 13:42:18.527 [info] Renamed to /home/alexeymasasin/.vscode/extensions/artlaman.chalice-icon-theme-1.2.24
2024-10-07 13:42:18.546 [info] Extracted extension to file:///home/alexeymasasin/.vscode/extensions/christian-kohler.npm-intellisense-1.4.5: christian-kohler.npm-intellisense
2024-10-07 13:42:18.548 [info] Renamed to /home/alexeymasasin/.vscode/extensions/christian-kohler.npm-intellisense-1.4.5
2024-10-07 13:42:18.559 [info] Extension signature verification result for formulahendry.auto-close-tag: UnknownError. Executed: true. Duration: 7ms.
2024-10-07 13:42:18.569 [info] Extension signature verification result for daltonmenezes.aura-theme: UnknownError. Executed: true. Duration: 7ms.
2024-10-07 13:42:18.573 [info] Extension signature verification result for loczek.next-js-ts-snippets: UnknownError. Executed: true. Duration: 6ms.
2024-10-07 13:42:18.574 [info] Extension signature verification result for angelorafael.jsx-html-tags: UnknownError. Executed: true. Duration: 4ms.
2024-10-07 13:42:18.579 [info] Extracted extension to file:///home/alexeymasasin/.vscode/extensions/daltonmenezes.aura-theme-2.1.2: daltonmenezes.aura-theme
2024-10-07 13:42:18.580 [info] Renamed to /home/alexeymasasin/.vscode/extensions/daltonmenezes.aura-theme-2.1.2
2024-10-07 13:42:18.582 [info] Extracted extension to file:///home/alexeymasasin/.vscode/extensions/angelorafael.jsx-html-tags-1.0.1: angelorafael.jsx-html-tags
2024-10-07 13:42:18.584 [info] Renamed to /home/alexeymasasin/.vscode/extensions/angelorafael.jsx-html-tags-1.0.1
2024-10-07 13:42:18.597 [info] Extracted extension to file:///home/alexeymasasin/.vscode/extensions/formulahendry.auto-close-tag-0.5.15: formulahendry.auto-close-tag
2024-10-07 13:42:18.599 [info] Renamed to /home/alexeymasasin/.vscode/extensions/formulahendry.auto-close-tag-0.5.15
2024-10-07 13:42:18.606 [error] [uncaught exception in sharedProcess]: Error: ENOENT: no such file or directory, stat '/home/alexeymasasin/.vscode/extensions/extensions.json.vsctmp': EntryNotFound (FileSystemError): Error: ENOENT: no such file or directory, stat '/home/alexeymasasin/.vscode/extensions/extensions.json.vsctmp'
    at lm.create (file:///opt/visual-studio-code/resources/app/out/vs/code/electron-utility/sharedProcess/sharedProcessMain.js:35:39253)
    at Es (file:///opt/visual-studio-code/resources/app/out/vs/code/electron-utility/sharedProcess/sharedProcessMain.js:35:39360)
    at Fr.ib (file:///opt/visual-studio-code/resources/app/out/vs/code/electron-utility/sharedProcess/sharedProcessMain.js:71:22661)
    at Fr.stat (file:///opt/visual-studio-code/resources/app/out/vs/code/electron-utility/sharedProcess/sharedProcessMain.js:71:15994)
    at async eh.stat (file:///opt/visual-studio-code/resources/app/out/vs/code/electron-utility/sharedProcess/sharedProcessMain.js:70:84484)
    at async Kl.yb (file:///opt/visual-studio-code/resources/app/out/vs/code/electron-utility/sharedProcess/sharedProcessMain.js:70:66600)
2024-10-07 13:42:18.612 [info] Extracted extension to file:///home/alexeymasasin/.vscode/extensions/loczek.next-js-ts-snippets-2.0.3: loczek.next-js-ts-snippets
2024-10-07 13:42:18.614 [info] Renamed to /home/alexeymasasin/.vscode/extensions/loczek.next-js-ts-snippets-2.0.3
2024-10-07 13:42:18.657 [info] Extracted extension to file:///home/alexeymasasin/.vscode/extensions/daylerees.rainglow-1.5.2: daylerees.rainglow
2024-10-07 13:42:18.659 [info] Renamed to /home/alexeymasasin/.vscode/extensions/daylerees.rainglow-1.5.2
2024-10-07 13:42:43.533 [info] Extension signature verification result for huytd.nord-light: UnknownError. Executed: true. Duration: 6ms.
2024-10-07 13:42:43.534 [info] Extension signature verification result for gruntfuggly.todo-tree: UnknownError. Executed: true. Duration: 4ms.
2024-10-07 13:42:43.547 [info] Extracted extension to file:///home/alexeymasasin/.vscode/extensions/huytd.nord-light-0.1.1: huytd.nord-light
2024-10-07 13:42:43.548 [info] Renamed to /home/alexeymasasin/.vscode/extensions/huytd.nord-light-0.1.1
2024-10-07 13:42:43.558 [info] Extracted extension to file:///home/alexeymasasin/.vscode/extensions/gruntfuggly.todo-tree-0.0.226: gruntfuggly.todo-tree
2024-10-07 13:42:43.560 [info] Renamed to /home/alexeymasasin/.vscode/extensions/gruntfuggly.todo-tree-0.0.226
2024-10-07 13:42:43.626 [error] [uncaught exception in sharedProcess]: Error: ENOENT: no such file or directory, stat '/home/alexeymasasin/.vscode/extensions/extensions.json.vsctmp': EntryNotFound (FileSystemError): Error: ENOENT: no such file or directory, stat '/home/alexeymasasin/.vscode/extensions/extensions.json.vsctmp'
    at lm.create (file:///opt/visual-studio-code/resources/app/out/vs/code/electron-utility/sharedProcess/sharedProcessMain.js:35:39253)
    at Es (file:///opt/visual-studio-code/resources/app/out/vs/code/electron-utility/sharedProcess/sharedProcessMain.js:35:39360)
    at Fr.ib (file:///opt/visual-studio-code/resources/app/out/vs/code/electron-utility/sharedProcess/sharedProcessMain.js:71:22661)
    at Fr.stat (file:///opt/visual-studio-code/resources/app/out/vs/code/electron-utility/sharedProcess/sharedProcessMain.js:71:15994)
    at async eh.stat (file:///opt/visual-studio-code/resources/app/out/vs/code/electron-utility/sharedProcess/sharedProcessMain.js:70:84484)
    at async Kl.yb (file:///opt/visual-studio-code/resources/app/out/vs/code/electron-utility/sharedProcess/sharedProcessMain.js:70:66600)
2024-10-07 13:42:45.397 [info] Extension signature verification result for steoates.autoimport: UnknownError. Executed: true. Duration: 4ms.
2024-10-07 13:42:45.417 [info] Extension signature verification result for visualstudioexptteam.intellicode-api-usage-examples: UnknownError. Executed: true. Duration: 7ms.
2024-10-07 13:42:45.418 [info] Extension signature verification result for codeium.codeium: UnknownError. Executed: true. Duration: 5ms.
2024-10-07 13:42:45.494 [info] Extracted extension to file:///home/alexeymasasin/.vscode/extensions/codeium.codeium-1.14.12: codeium.codeium
2024-10-07 13:42:45.496 [info] Renamed to /home/alexeymasasin/.vscode/extensions/codeium.codeium-1.14.12
2024-10-07 13:42:45.514 [info] Extracted extension to file:///home/alexeymasasin/.vscode/extensions/visualstudioexptteam.intellicode-api-usage-examples-0.2.8: visualstudioexptteam.intellicode-api-usage-examples
2024-10-07 13:42:45.515 [info] Renamed to /home/alexeymasasin/.vscode/extensions/visualstudioexptteam.intellicode-api-usage-examples-0.2.8
2024-10-07 13:42:45.573 [error] [uncaught exception in sharedProcess]: Error: ENOENT: no such file or directory, stat '/home/alexeymasasin/.vscode/extensions/extensions.json.vsctmp': EntryNotFound (FileSystemError): Error: ENOENT: no such file or directory, stat '/home/alexeymasasin/.vscode/extensions/extensions.json.vsctmp'
    at lm.create (file:///opt/visual-studio-code/resources/app/out/vs/code/electron-utility/sharedProcess/sharedProcessMain.js:35:39253)
    at Es (file:///opt/visual-studio-code/resources/app/out/vs/code/electron-utility/sharedProcess/sharedProcessMain.js:35:39360)
    at Fr.ib (file:///opt/visual-studio-code/resources/app/out/vs/code/electron-utility/sharedProcess/sharedProcessMain.js:71:22661)
    at Fr.stat (file:///opt/visual-studio-code/resources/app/out/vs/code/electron-utility/sharedProcess/sharedProcessMain.js:71:15994)
    at async eh.stat (file:///opt/visual-studio-code/resources/app/out/vs/code/electron-utility/sharedProcess/sharedProcessMain.js:70:84484)
    at async Kl.yb (file:///opt/visual-studio-code/resources/app/out/vs/code/electron-utility/sharedProcess/sharedProcessMain.js:70:66600)
2024-10-07 13:42:45.657 [info] Extracted extension to file:///home/alexeymasasin/.vscode/extensions/steoates.autoimport-1.5.4: steoates.autoimport
2024-10-07 13:42:45.660 [info] Renamed to /home/alexeymasasin/.vscode/extensions/steoates.autoimport-1.5.4
2024-10-07 13:42:50.958 [info] Extension signature verification result for kamikillerto.vscode-colorize: UnknownError. Executed: true. Duration: 9ms.
2024-10-07 13:42:50.958 [info] Extension signature verification result for ritwickdey.liveserver: UnknownError. Executed: true. Duration: 5ms.
2024-10-07 13:42:50.961 [info] Extension signature verification result for alefragnani.project-manager: UnknownError. Executed: true. Duration: 6ms.
2024-10-07 13:42:50.964 [info] Extension signature verification result for wix.vscode-import-cost: UnknownError. Executed: true. Duration: 6ms.
2024-10-07 13:42:50.965 [info] Extension signature verification result for dsznajder.es7-react-js-snippets: UnknownError. Executed: true. Duration: 4ms.
2024-10-07 13:42:51.027 [info] Extracted extension to file:///home/alexeymasasin/.vscode/extensions/alefragnani.project-manager-12.8.0: alefragnani.project-manager
2024-10-07 13:42:51.031 [info] Renamed to /home/alexeymasasin/.vscode/extensions/alefragnani.project-manager-12.8.0
2024-10-07 13:42:51.070 [info] Extracted extension to file:///home/alexeymasasin/.vscode/extensions/kamikillerto.vscode-colorize-0.11.1: kamikillerto.vscode-colorize
2024-10-07 13:42:51.072 [info] Renamed to /home/alexeymasasin/.vscode/extensions/kamikillerto.vscode-colorize-0.11.1
2024-10-07 13:42:51.110 [error] [uncaught exception in sharedProcess]: Error: ENOENT: no such file or directory, stat '/home/alexeymasasin/.vscode/extensions/extensions.json.vsctmp': EntryNotFound (FileSystemError): Error: ENOENT: no such file or directory, stat '/home/alexeymasasin/.vscode/extensions/extensions.json.vsctmp'
    at lm.create (file:///opt/visual-studio-code/resources/app/out/vs/code/electron-utility/sharedProcess/sharedProcessMain.js:35:39253)
    at Es (file:///opt/visual-studio-code/resources/app/out/vs/code/electron-utility/sharedProcess/sharedProcessMain.js:35:39360)
    at Fr.ib (file:///opt/visual-studio-code/resources/app/out/vs/code/electron-utility/sharedProcess/sharedProcessMain.js:71:22661)
    at Fr.stat (file:///opt/visual-studio-code/resources/app/out/vs/code/electron-utility/sharedProcess/sharedProcessMain.js:71:15994)
    at async eh.stat (file:///opt/visual-studio-code/resources/app/out/vs/code/electron-utility/sharedProcess/sharedProcessMain.js:70:84484)
    at async Kl.yb (file:///opt/visual-studio-code/resources/app/out/vs/code/electron-utility/sharedProcess/sharedProcessMain.js:70:66600)
2024-10-07 13:42:51.139 [info] Extracted extension to file:///home/alexeymasasin/.vscode/extensions/dsznajder.es7-react-js-snippets-4.4.3: dsznajder.es7-react-js-snippets
2024-10-07 13:42:51.141 [info] Renamed to /home/alexeymasasin/.vscode/extensions/dsznajder.es7-react-js-snippets-4.4.3
2024-10-07 13:42:51.224 [info] Extracted extension to file:///home/alexeymasasin/.vscode/extensions/wix.vscode-import-cost-3.3.0: wix.vscode-import-cost
2024-10-07 13:42:51.226 [info] Renamed to /home/alexeymasasin/.vscode/extensions/wix.vscode-import-cost-3.3.0
2024-10-07 13:42:51.872 [info] Extracted extension to file:///home/alexeymasasin/.vscode/extensions/ritwickdey.liveserver-5.7.9: ritwickdey.liveserver
2024-10-07 13:42:51.877 [info] Renamed to /home/alexeymasasin/.vscode/extensions/ritwickdey.liveserver-5.7.9
2024-10-07 13:42:51.955 [error] [uncaught exception in sharedProcess]: Error: ENOENT: no such file or directory, stat '/home/alexeymasasin/.vscode/extensions/extensions.json.vsctmp': EntryNotFound (FileSystemError): Error: ENOENT: no such file or directory, stat '/home/alexeymasasin/.vscode/extensions/extensions.json.vsctmp'
    at lm.create (file:///opt/visual-studio-code/resources/app/out/vs/code/electron-utility/sharedProcess/sharedProcessMain.js:35:39253)
    at Es (file:///opt/visual-studio-code/resources/app/out/vs/code/electron-utility/sharedProcess/sharedProcessMain.js:35:39360)
    at Fr.ib (file:///opt/visual-studio-code/resources/app/out/vs/code/electron-utility/sharedProcess/sharedProcessMain.js:71:22661)
    at Fr.stat (file:///opt/visual-studio-code/resources/app/out/vs/code/electron-utility/sharedProcess/sharedProcessMain.js:71:15994)
    at async eh.stat (file:///opt/visual-studio-code/resources/app/out/vs/code/electron-utility/sharedProcess/sharedProcessMain.js:70:84484)
    at async Kl.yb (file:///opt/visual-studio-code/resources/app/out/vs/code/electron-utility/sharedProcess/sharedProcessMain.js:70:66600)
2024-10-07 13:42:53.926 [info] Extension signature verification result for cdonohue.quill-icons: UnknownError. Executed: true. Duration: 5ms.
2024-10-07 13:42:53.937 [info] Extension signature verification result for bradlc.vscode-tailwindcss: UnknownError. Executed: true. Duration: 4ms.
2024-10-07 13:42:53.961 [info] Extracted extension to file:///home/alexeymasasin/.vscode/extensions/bradlc.vscode-tailwindcss-0.12.11: bradlc.vscode-tailwindcss
2024-10-07 13:42:53.962 [info] Renamed to /home/alexeymasasin/.vscode/extensions/bradlc.vscode-tailwindcss-0.12.11
2024-10-07 13:42:53.975 [info] Extracted extension to file:///home/alexeymasasin/.vscode/extensions/cdonohue.quill-icons-0.0.2: cdonohue.quill-icons
2024-10-07 13:42:53.977 [info] Renamed to /home/alexeymasasin/.vscode/extensions/cdonohue.quill-icons-0.0.2
2024-10-07 13:42:54.040 [error] [uncaught exception in sharedProcess]: Error: ENOENT: no such file or directory, stat '/home/alexeymasasin/.vscode/extensions/extensions.json.vsctmp': EntryNotFound (FileSystemError): Error: ENOENT: no such file or directory, stat '/home/alexeymasasin/.vscode/extensions/extensions.json.vsctmp'
    at lm.create (file:///opt/visual-studio-code/resources/app/out/vs/code/electron-utility/sharedProcess/sharedProcessMain.js:35:39253)
    at Es (file:///opt/visual-studio-code/resources/app/out/vs/code/electron-utility/sharedProcess/sharedProcessMain.js:35:39360)
    at Fr.ib (file:///opt/visual-studio-code/resources/app/out/vs/code/electron-utility/sharedProcess/sharedProcessMain.js:71:22661)
    at Fr.stat (file:///opt/visual-studio-code/resources/app/out/vs/code/electron-utility/sharedProcess/sharedProcessMain.js:71:15994)
    at async eh.stat (file:///opt/visual-studio-code/resources/app/out/vs/code/electron-utility/sharedProcess/sharedProcessMain.js:70:84484)
    at async Kl.yb (file:///opt/visual-studio-code/resources/app/out/vs/code/electron-utility/sharedProcess/sharedProcessMain.js:70:66600)
2024-10-07 13:42:57.646 [info] Extension signature verification result for esbenp.prettier-vscode: UnknownError. Executed: true. Duration: 4ms.
2024-10-07 13:42:57.683 [info] Extracted extension to file:///home/alexeymasasin/.vscode/extensions/esbenp.prettier-vscode-11.0.0: esbenp.prettier-vscode
2024-10-07 13:42:57.685 [info] Renamed to /home/alexeymasasin/.vscode/extensions/esbenp.prettier-vscode-11.0.0
2024-10-07 13:42:57.764 [error] [uncaught exception in sharedProcess]: Error: ENOENT: no such file or directory, stat '/home/alexeymasasin/.vscode/extensions/extensions.json.vsctmp': EntryNotFound (FileSystemError): Error: ENOENT: no such file or directory, stat '/home/alexeymasasin/.vscode/extensions/extensions.json.vsctmp'
    at lm.create (file:///opt/visual-studio-code/resources/app/out/vs/code/electron-utility/sharedProcess/sharedProcessMain.js:35:39253)
    at Es (file:///opt/visual-studio-code/resources/app/out/vs/code/electron-utility/sharedProcess/sharedProcessMain.js:35:39360)
    at Fr.ib (file:///opt/visual-studio-code/resources/app/out/vs/code/electron-utility/sharedProcess/sharedProcessMain.js:71:22661)
    at Fr.stat (file:///opt/visual-studio-code/resources/app/out/vs/code/electron-utility/sharedProcess/sharedProcessMain.js:71:15994)
    at async eh.stat (file:///opt/visual-studio-code/resources/app/out/vs/code/electron-utility/sharedProcess/sharedProcessMain.js:70:84484)
    at async Kl.yb (file:///opt/visual-studio-code/resources/app/out/vs/code/electron-utility/sharedProcess/sharedProcessMain.js:70:66600)
2024-10-07 13:43:08.366 [info] Extension signature verification result for shd101wyy.markdown-preview-enhanced: UnknownError. Executed: true. Duration: 5ms.
2024-10-07 13:43:08.508 [info] Extracted extension to file:///home/alexeymasasin/.vscode/extensions/shd101wyy.markdown-preview-enhanced-0.8.14: shd101wyy.markdown-preview-enhanced
2024-10-07 13:43:08.511 [info] Renamed to /home/alexeymasasin/.vscode/extensions/shd101wyy.markdown-preview-enhanced-0.8.14
2024-10-07 13:43:08.548 [error] [uncaught exception in sharedProcess]: Error: ENOENT: no such file or directory, stat '/home/alexeymasasin/.vscode/extensions/extensions.json.vsctmp': EntryNotFound (FileSystemError): Error: ENOENT: no such file or directory, stat '/home/alexeymasasin/.vscode/extensions/extensions.json.vsctmp'
    at lm.create (file:///opt/visual-studio-code/resources/app/out/vs/code/electron-utility/sharedProcess/sharedProcessMain.js:35:39253)
    at Es (file:///opt/visual-studio-code/resources/app/out/vs/code/electron-utility/sharedProcess/sharedProcessMain.js:35:39360)
    at Fr.ib (file:///opt/visual-studio-code/resources/app/out/vs/code/electron-utility/sharedProcess/sharedProcessMain.js:71:22661)
    at Fr.stat (file:///opt/visual-studio-code/resources/app/out/vs/code/electron-utility/sharedProcess/sharedProcessMain.js:71:15994)
    at async eh.stat (file:///opt/visual-studio-code/resources/app/out/vs/code/electron-utility/sharedProcess/sharedProcessMain.js:70:84484)
    at async Kl.yb (file:///opt/visual-studio-code/resources/app/out/vs/code/electron-utility/sharedProcess/sharedProcessMain.js:70:66600)
2024-10-07 13:43:47.816 [info] Extension signature verification result for visualstudioexptteam.vscodeintellicode: UnknownError. Executed: true. Duration: 5ms.
2024-10-07 13:43:48.011 [info] Extracted extension to file:///home/alexeymasasin/.vscode/extensions/visualstudioexptteam.vscodeintellicode-1.3.1: visualstudioexptteam.vscodeintellicode
2024-10-07 13:43:48.014 [info] Renamed to /home/alexeymasasin/.vscode/extensions/visualstudioexptteam.vscodeintellicode-1.3.1
2024-10-07 13:43:48.032 [info] Extension installed successfully: fractalbrew.backticks vscode-userdata:/home/alexeymasasin/.vscode/extensions/extensions.json
2024-10-07 13:43:48.032 [info] Extension installed successfully: simonsiefke.svg-preview vscode-userdata:/home/alexeymasasin/.vscode/extensions/extensions.json
2024-10-07 13:43:48.032 [info] Extension installed successfully: ionutvmi.path-autocomplete vscode-userdata:/home/alexeymasasin/.vscode/extensions/extensions.json
2024-10-07 13:43:48.032 [info] Extension installed successfully: mikestead.dotenv vscode-userdata:/home/alexeymasasin/.vscode/extensions/extensions.json
2024-10-07 13:43:48.032 [info] Extension installed successfully: dbaeumer.vscode-eslint vscode-userdata:/home/alexeymasasin/.vscode/extensions/extensions.json
2024-10-07 13:43:48.032 [info] Extension installed successfully: mhutchie.git-graph vscode-userdata:/home/alexeymasasin/.vscode/extensions/extensions.json
2024-10-07 13:43:48.032 [info] Extension installed successfully: ms-azuretools.vscode-docker vscode-userdata:/home/alexeymasasin/.vscode/extensions/extensions.json
2024-10-07 13:43:48.032 [info] Extension installed successfully: oderwat.indent-rainbow vscode-userdata:/home/alexeymasasin/.vscode/extensions/extensions.json
2024-10-07 13:43:48.032 [info] Extension installed successfully: afzalsayed96.reacticons vscode-userdata:/home/alexeymasasin/.vscode/extensions/extensions.json
2024-10-07 13:43:48.032 [info] Extension installed successfully: ckolkman.vscode-postgres vscode-userdata:/home/alexeymasasin/.vscode/extensions/extensions.json
2024-10-07 13:43:48.033 [info] Extension installed successfully: beardedbear.beardedicons vscode-userdata:/home/alexeymasasin/.vscode/extensions/extensions.json
2024-10-07 13:43:48.033 [info] Extension installed successfully: ms-vsliveshare.vsliveshare vscode-userdata:/home/alexeymasasin/.vscode/extensions/extensions.json
2024-10-07 13:43:48.033 [info] Extension installed successfully: xabikos.javascriptsnippets vscode-userdata:/home/alexeymasasin/.vscode/extensions/extensions.json
2024-10-07 13:43:48.033 [info] Extension installed successfully: alexeymasasin.rcw-120 vscode-userdata:/home/alexeymasasin/.vscode/extensions/extensions.json
2024-10-07 13:43:48.033 [info] Extension installed successfully: pulkitgangwar.nextjs-snippets vscode-userdata:/home/alexeymasasin/.vscode/extensions/extensions.json
2024-10-07 13:43:48.033 [info] Extension installed successfully: davidwang.ini-for-vscode vscode-userdata:/home/alexeymasasin/.vscode/extensions/extensions.json
2024-10-07 13:43:48.033 [info] Extension installed successfully: stylelint.vscode-stylelint vscode-userdata:/home/alexeymasasin/.vscode/extensions/extensions.json
2024-10-07 13:43:48.033 [info] Extension installed successfully: formulahendry.auto-rename-tag vscode-userdata:/home/alexeymasasin/.vscode/extensions/extensions.json
2024-10-07 13:43:48.033 [info] Extension installed successfully: christian-kohler.path-intellisense vscode-userdata:/home/alexeymasasin/.vscode/extensions/extensions.json
2024-10-07 13:43:48.033 [info] Extension installed successfully: vintharas.learn-vim vscode-userdata:/home/alexeymasasin/.vscode/extensions/extensions.json
2024-10-07 13:43:48.033 [info] Extension installed successfully: vscodevim.vim vscode-userdata:/home/alexeymasasin/.vscode/extensions/extensions.json
2024-10-07 13:43:48.033 [info] Extension installed successfully: formulahendry.code-runner vscode-userdata:/home/alexeymasasin/.vscode/extensions/extensions.json
2024-10-07 13:43:48.033 [info] Extension installed successfully: artlaman.chalice-icon-theme vscode-userdata:/home/alexeymasasin/.vscode/extensions/extensions.json
2024-10-07 13:43:48.033 [info] Extension installed successfully: christian-kohler.npm-intellisense vscode-userdata:/home/alexeymasasin/.vscode/extensions/extensions.json
2024-10-07 13:43:48.034 [info] Extension installed successfully: daltonmenezes.aura-theme vscode-userdata:/home/alexeymasasin/.vscode/extensions/extensions.json
2024-10-07 13:43:48.034 [info] Extension installed successfully: angelorafael.jsx-html-tags vscode-userdata:/home/alexeymasasin/.vscode/extensions/extensions.json
2024-10-07 13:43:48.034 [info] Extension installed successfully: formulahendry.auto-close-tag vscode-userdata:/home/alexeymasasin/.vscode/extensions/extensions.json
2024-10-07 13:43:48.034 [info] Extension installed successfully: loczek.next-js-ts-snippets vscode-userdata:/home/alexeymasasin/.vscode/extensions/extensions.json
2024-10-07 13:43:48.034 [info] Extension installed successfully: daylerees.rainglow vscode-userdata:/home/alexeymasasin/.vscode/extensions/extensions.json
2024-10-07 13:43:48.034 [info] Extension installed successfully: huytd.nord-light vscode-userdata:/home/alexeymasasin/.vscode/extensions/extensions.json
2024-10-07 13:43:48.034 [info] Extension installed successfully: gruntfuggly.todo-tree vscode-userdata:/home/alexeymasasin/.vscode/extensions/extensions.json
2024-10-07 13:43:48.034 [info] Extension installed successfully: codeium.codeium vscode-userdata:/home/alexeymasasin/.vscode/extensions/extensions.json
2024-10-07 13:43:48.034 [info] Extension installed successfully: visualstudioexptteam.intellicode-api-usage-examples vscode-userdata:/home/alexeymasasin/.vscode/extensions/extensions.json
2024-10-07 13:43:48.034 [info] Extension installed successfully: steoates.autoimport vscode-userdata:/home/alexeymasasin/.vscode/extensions/extensions.json
2024-10-07 13:43:48.034 [info] Extension installed successfully: alefragnani.project-manager vscode-userdata:/home/alexeymasasin/.vscode/extensions/extensions.json
2024-10-07 13:43:48.034 [info] Extension installed successfully: kamikillerto.vscode-colorize vscode-userdata:/home/alexeymasasin/.vscode/extensions/extensions.json
2024-10-07 13:43:48.034 [info] Extension installed successfully: dsznajder.es7-react-js-snippets vscode-userdata:/home/alexeymasasin/.vscode/extensions/extensions.json
2024-10-07 13:43:48.034 [info] Extension installed successfully: wix.vscode-import-cost vscode-userdata:/home/alexeymasasin/.vscode/extensions/extensions.json
2024-10-07 13:43:48.034 [info] Extension installed successfully: ritwickdey.liveserver vscode-userdata:/home/alexeymasasin/.vscode/extensions/extensions.json
2024-10-07 13:43:48.034 [info] Extension installed successfully: bradlc.vscode-tailwindcss vscode-userdata:/home/alexeymasasin/.vscode/extensions/extensions.json
2024-10-07 13:43:48.034 [info] Extension installed successfully: cdonohue.quill-icons vscode-userdata:/home/alexeymasasin/.vscode/extensions/extensions.json
2024-10-07 13:43:48.034 [info] Extension installed successfully: esbenp.prettier-vscode vscode-userdata:/home/alexeymasasin/.vscode/extensions/extensions.json
2024-10-07 13:43:48.034 [info] Extension installed successfully: shd101wyy.markdown-preview-enhanced vscode-userdata:/home/alexeymasasin/.vscode/extensions/extensions.json
2024-10-07 13:43:48.034 [info] Extension installed successfully: visualstudioexptteam.vscodeintellicode vscode-userdata:/home/alexeymasasin/.vscode/extensions/extensions.json
2024-10-07 13:43:48.093 [error] [uncaught exception in sharedProcess]: Error: ENOENT: no such file or directory, stat '/home/alexeymasasin/.vscode/extensions/extensions.json.vsctmp': EntryNotFound (FileSystemError): Error: ENOENT: no such file or directory, stat '/home/alexeymasasin/.vscode/extensions/extensions.json.vsctmp'
    at lm.create (file:///opt/visual-studio-code/resources/app/out/vs/code/electron-utility/sharedProcess/sharedProcessMain.js:35:39253)
    at Es (file:///opt/visual-studio-code/resources/app/out/vs/code/electron-utility/sharedProcess/sharedProcessMain.js:35:39360)
    at Fr.ib (file:///opt/visual-studio-code/resources/app/out/vs/code/electron-utility/sharedProcess/sharedProcessMain.js:71:22661)
    at Fr.stat (file:///opt/visual-studio-code/resources/app/out/vs/code/electron-utility/sharedProcess/sharedProcessMain.js:71:15994)
    at async eh.stat (file:///opt/visual-studio-code/resources/app/out/vs/code/electron-utility/sharedProcess/sharedProcessMain.js:70:84484)
    at async Kl.yb (file:///opt/visual-studio-code/resources/app/out/vs/code/electron-utility/sharedProcess/sharedProcessMain.js:70:66600)
