2024-10-07 13:40:52.365 [info] Using settings sync service https://vscode-sync.trafficmanager.net/
2024-10-07 13:40:52.365 [info] Auto Sync is disabled.
2024-10-07 13:41:38.294 [info] Sync started.
2024-10-07 13:41:38.874 [info] Did reset the local sync state.
2024-10-07 13:41:38.877 [info] Settings: Migrating last sync user data. Resource does not exist.
2024-10-07 13:41:38.877 [info] Settings: Last sync data state does not exist.
2024-10-07 13:41:39.019 [info] Settings: Migrating last sync user data. Resource does not exist.
2024-10-07 13:41:39.019 [info] Settings: Last sync data state does not exist.
2024-10-07 13:41:39.125 [info] GlobalState: Migrating last sync user data. Resource does not exist.
2024-10-07 13:41:39.125 [info] GlobalState: Last sync data state does not exist.
2024-10-07 13:41:39.210 [info] Keybindings: Migrating last sync user data. Resource does not exist.
2024-10-07 13:41:39.210 [info] Keybindings: Last sync data state does not exist.
2024-10-07 13:41:39.355 [info] Snippets: Migrating last sync user data. Resource does not exist.
2024-10-07 13:41:39.356 [info] Snippets: Last sync data state does not exist.
2024-10-07 13:41:39.517 [info] Tasks: Migrating last sync user data. Resource does not exist.
2024-10-07 13:41:39.517 [info] Tasks: Last sync data state does not exist.
2024-10-07 13:41:39.646 [info] GlobalState: Migrating last sync user data. Resource does not exist.
2024-10-07 13:41:39.646 [info] GlobalState: Last sync data state does not exist.
2024-10-07 13:41:39.901 [info] Extensions: Migrating last sync user data. Resource does not exist.
2024-10-07 13:41:39.901 [info] Extensions: Last sync data state does not exist.
2024-10-07 13:41:40.076 [info] Profiles: Migrating last sync user data. Resource does not exist.
2024-10-07 13:41:40.077 [info] Profiles: Last sync data state does not exist.
2024-10-07 13:41:40.221 [info] Profiles: Migrating last sync user data. Resource does not exist.
2024-10-07 13:41:40.221 [info] Profiles: Last sync data state does not exist.
2024-10-07 13:41:40.226 [info] Settings: Updated local settings
2024-10-07 13:41:40.228 [info] Settings: Updated last synchronized settings
2024-10-07 13:41:40.229 [info] Keybindings: No changes found during synchronizing keybindings.
2024-10-07 13:41:40.230 [info] Keybindings: Updated last synchronized keybindings
2024-10-07 13:41:40.234 [info] Snippets: Created snippet vscode-snippets-24072024.code-snippets
2024-10-07 13:41:40.237 [info] Snippets: Created snippet snippets-24072024.code-snippets
2024-10-07 13:41:40.238 [info] Snippets: Created snippet snippets.code-snippets
2024-10-07 13:41:40.240 [info] Snippets: Created snippet keybindings.code-snippets
2024-10-07 13:41:40.241 [info] Snippets: Updated last synchronized snippets
2024-10-07 13:41:40.242 [info] Tasks: No changes found during synchronizing tasks.
2024-10-07 13:41:40.243 [info] Tasks: Updated last synchronized tasks
2024-10-07 13:41:40.246 [info] GlobalState: Updated global state ["workbench.panel.markers.hidden","workbench.panel.output.hidden","terminal.hidden","workbench.explorer.views.state.hidden","workbench.scm.views.state.hidden","workbench.view.search.state.hidden","workbench.activity.pinnedViewlets2","workbench.panel.repl.hidden","workbench.panel.pinnedPanels","workbench.telemetryOptOutShown","workbench.view.extensions.state.hidden","codeium_auth-Alexey Masasin","workbench.welcomePage.walkthroughMetadata","snippets.usageTimestamps","cpp.1.lastSessionDate","cpp.1.sessionCount","java.2.lastSessionDate","java.2.sessionCount","csharp.1.lastSessionDate","csharp.1.sessionCount","commandPalette.mru.cache","commandPalette.mru.counter","workbench.view.extension.learn-vim-container.state.hidden","workbench.view.debug.state.hidden","tabs-list-width-horizontal","nps/lastSessionDate","nps/sessionCount","javascript.1.lastSessionDate","javascript.1.sessionCount","typescript.1.lastSessionDate","typescript.1.sessionCount","~remote.forwardedPortsContainer.hidden","terminal.integrated.showTerminalConfigPrompt","typescript.1.editedCount","typescript.1.editedDate","javascript.1.editedCount","javascript.1.editedDate","memento/gettingStartedService","workbench.panel.alignment","colorThemeData"]
2024-10-07 13:41:40.246 [info] GlobalState: Updated local ui state
2024-10-07 13:41:40.498 [info] GlobalState: Migrating last sync user data. Resource does not exist.
2024-10-07 13:41:40.498 [info] GlobalState: Last sync data state does not exist.
2024-10-07 13:41:40.809 [info] GlobalState: Migrating last sync user data. Resource does not exist.
2024-10-07 13:41:40.809 [info] GlobalState: Last sync data state does not exist.
2024-10-07 13:41:40.909 [info] GlobalState: Updated remote ui state. Added: encryption.migratedToGnomeLibsecret.
2024-10-07 13:41:40.912 [info] GlobalState: Updated last synchronized ui state
2024-10-07 13:41:40.928 [info] Extensions: Disabled extension vscode.theme-monokai-dimmed
2024-10-07 13:41:41.176 [info] Extensions: Migrating last sync user data. Resource does not exist.
2024-10-07 13:41:41.176 [info] Extensions: Last sync data state does not exist.
2024-10-07 13:41:41.566 [info] Extensions: Disabled extension mhutchie.git-graph 1.30.0
2024-10-07 13:41:41.818 [info] Extensions: Migrating last sync user data. Resource does not exist.
2024-10-07 13:41:41.818 [info] Extensions: Last sync data state does not exist.
2024-10-07 13:41:41.872 [info] Extensions: Disabled extension oderwat.indent-rainbow 8.3.1
2024-10-07 13:41:42.122 [info] Extensions: Migrating last sync user data. Resource does not exist.
2024-10-07 13:41:42.122 [info] Extensions: Last sync data state does not exist.
2024-10-07 13:41:42.189 [info] Extensions: Disabled extension codeium.codeium 1.14.12
2024-10-07 13:41:42.440 [info] Extensions: Migrating last sync user data. Resource does not exist.
2024-10-07 13:41:42.440 [info] Extensions: Last sync data state does not exist.
2024-10-07 13:43:48.035 [info] Extensions: Installed extension. fractalbrew.backticks 1.7.0
2024-10-07 13:43:48.035 [info] Extensions: Installed extension. simonsiefke.svg-preview 2.8.3
2024-10-07 13:43:48.035 [info] Extensions: Installed extension. ionutvmi.path-autocomplete 1.25.0
2024-10-07 13:43:48.035 [info] Extensions: Installed extension. mikestead.dotenv 1.0.1
2024-10-07 13:43:48.035 [info] Extensions: Installed extension. dbaeumer.vscode-eslint 3.0.10
2024-10-07 13:43:48.035 [info] Extensions: Installed extension. mhutchie.git-graph 1.30.0
2024-10-07 13:43:48.035 [info] Extensions: Installed extension. ms-azuretools.vscode-docker 1.29.3
2024-10-07 13:43:48.035 [info] Extensions: Installed extension. oderwat.indent-rainbow 8.3.1
2024-10-07 13:43:48.035 [info] Extensions: Installed extension. afzalsayed96.reacticons 0.1.4
2024-10-07 13:43:48.035 [info] Extensions: Installed extension. ckolkman.vscode-postgres 1.4.3
2024-10-07 13:43:48.035 [info] Extensions: Installed extension. beardedbear.beardedicons 1.18.0
2024-10-07 13:43:48.035 [info] Extensions: Installed extension. ms-vsliveshare.vsliveshare 1.0.5941
2024-10-07 13:43:48.035 [info] Extensions: Installed extension. xabikos.javascriptsnippets 1.8.0
2024-10-07 13:43:48.035 [info] Extensions: Installed extension. alexeymasasin.rcw-120 1.0.0
2024-10-07 13:43:48.035 [info] Extensions: Installed extension. pulkitgangwar.nextjs-snippets 1.0.2
2024-10-07 13:43:48.035 [info] Extensions: Installed extension. davidwang.ini-for-vscode 0.0.4
2024-10-07 13:43:48.036 [info] Extensions: Installed extension. stylelint.vscode-stylelint 1.4.0
2024-10-07 13:43:48.036 [info] Extensions: Installed extension. formulahendry.auto-rename-tag 0.1.10
2024-10-07 13:43:48.036 [info] Extensions: Installed extension. christian-kohler.path-intellisense 2.9.0
2024-10-07 13:43:48.036 [info] Extensions: Installed extension. vintharas.learn-vim 0.0.28
2024-10-07 13:43:48.036 [info] Extensions: Installed extension. vscodevim.vim 1.28.1
2024-10-07 13:43:48.036 [info] Extensions: Installed extension. formulahendry.code-runner 0.12.2
2024-10-07 13:43:48.036 [info] Extensions: Installed extension. artlaman.chalice-icon-theme 1.2.24
2024-10-07 13:43:48.036 [info] Extensions: Installed extension. christian-kohler.npm-intellisense 1.4.5
2024-10-07 13:43:48.036 [info] Extensions: Installed extension. daltonmenezes.aura-theme 2.1.2
2024-10-07 13:43:48.036 [info] Extensions: Installed extension. angelorafael.jsx-html-tags 1.0.1
2024-10-07 13:43:48.036 [info] Extensions: Installed extension. formulahendry.auto-close-tag 0.5.15
2024-10-07 13:43:48.036 [info] Extensions: Installed extension. loczek.next-js-ts-snippets 2.0.3
2024-10-07 13:43:48.036 [info] Extensions: Installed extension. daylerees.rainglow 1.5.2
2024-10-07 13:43:48.036 [info] Extensions: Installed extension. huytd.nord-light 0.1.1
2024-10-07 13:43:48.037 [info] Extensions: Installed extension. gruntfuggly.todo-tree 0.0.226
2024-10-07 13:43:48.037 [info] Extensions: Installed extension. codeium.codeium 1.14.12
2024-10-07 13:43:48.037 [info] Extensions: Installed extension. visualstudioexptteam.intellicode-api-usage-examples 0.2.8
2024-10-07 13:43:48.037 [info] Extensions: Installed extension. steoates.autoimport 1.5.4
2024-10-07 13:43:48.037 [info] Extensions: Installed extension. alefragnani.project-manager 12.8.0
2024-10-07 13:43:48.037 [info] Extensions: Installed extension. kamikillerto.vscode-colorize 0.11.1
2024-10-07 13:43:48.037 [info] Extensions: Installed extension. dsznajder.es7-react-js-snippets 4.4.3
2024-10-07 13:43:48.037 [info] Extensions: Installed extension. wix.vscode-import-cost 3.3.0
2024-10-07 13:43:48.037 [info] Extensions: Installed extension. ritwickdey.liveserver 5.7.9
2024-10-07 13:43:48.037 [info] Extensions: Installed extension. bradlc.vscode-tailwindcss 0.12.11
2024-10-07 13:43:48.037 [info] Extensions: Installed extension. cdonohue.quill-icons 0.0.2
2024-10-07 13:43:48.038 [info] Extensions: Installed extension. esbenp.prettier-vscode 11.0.0
2024-10-07 13:43:48.038 [info] Extensions: Installed extension. shd101wyy.markdown-preview-enhanced 0.8.14
2024-10-07 13:43:48.038 [info] Extensions: Installed extension. visualstudioexptteam.vscodeintellicode 1.3.1
2024-10-07 13:43:48.043 [info] Extensions: Updated last synchronized extensions.
2024-10-07 13:43:48.051 [info] Profiles: Created profile 'clear'.
2024-10-07 13:43:48.054 [info] Profiles: Updated last synchronized profiles.
2024-10-07 13:43:48.056 [info] Syncing profile. clear
2024-10-07 13:43:48.056 [info] Settings (clear): Migrating last sync user data. Resource does not exist.
2024-10-07 13:43:48.056 [info] Settings (clear): Last sync data state does not exist.
2024-10-07 13:43:48.246 [info] Settings (clear): No changes found during synchronizing settings.
2024-10-07 13:43:48.248 [info] Settings (clear): Updated last synchronized settings
2024-10-07 13:43:48.248 [info] Keybindings (clear): Migrating last sync user data. Resource does not exist.
2024-10-07 13:43:48.248 [info] Keybindings (clear): Last sync data state does not exist.
2024-10-07 13:43:48.399 [info] Keybindings (clear): No changes found during synchronizing keybindings.
2024-10-07 13:43:48.401 [info] Keybindings (clear): Updated last synchronized keybindings
2024-10-07 13:43:48.401 [info] Snippets (clear): Migrating last sync user data. Resource does not exist.
2024-10-07 13:43:48.401 [info] Snippets (clear): Last sync data state does not exist.
2024-10-07 13:43:48.519 [info] Snippets (clear): No changes found during synchronizing snippets.
2024-10-07 13:43:48.520 [info] Snippets (clear): Updated last synchronized snippets
2024-10-07 13:43:48.521 [info] Tasks (clear): Migrating last sync user data. Resource does not exist.
2024-10-07 13:43:48.521 [info] Tasks (clear): Last sync data state does not exist.
2024-10-07 13:43:48.657 [info] Tasks (clear): No changes found during synchronizing tasks.
2024-10-07 13:43:48.658 [info] Tasks (clear): Updated last synchronized tasks
2024-10-07 13:43:48.659 [info] GlobalState (clear): Migrating last sync user data. Resource does not exist.
2024-10-07 13:43:48.659 [info] GlobalState (clear): Last sync data state does not exist.
2024-10-07 13:43:48.946 [info] GlobalState (clear): Updated global state ["workbench.panel.pinnedPanels","workbench.activity.pinnedViewlets2","workbench.view.search.state.hidden","workbench.scm.views.state.hidden","workbench.explorer.views.state.hidden","terminal.hidden","workbench.activityBar.location","colorThemeData","workbench.panel.alignment"]
2024-10-07 13:43:48.946 [info] GlobalState (clear): Updated local ui state
2024-10-07 13:43:48.947 [info] GlobalState (clear): Updated last synchronized ui state
2024-10-07 13:43:48.947 [info] Extensions (clear): Migrating last sync user data. Resource does not exist.
2024-10-07 13:43:48.947 [info] Extensions (clear): Last sync data state does not exist.
2024-10-07 13:43:48.973 [info] Extensions (clear): Migrating last sync user data. Resource does not exist.
2024-10-07 13:43:48.973 [info] Extensions (clear): Last sync data state does not exist.
2024-10-07 13:43:49.098 [info] Extensions (clear): No changes found during synchronizing extensions.
2024-10-07 13:43:49.099 [info] Extensions (clear): Updated last synchronized extensions.
2024-10-07 13:43:49.099 [info] Sync done. Took 130806ms
2024-10-07 13:43:49.100 [info] Auto Sync: Triggered by Interval
2024-10-07 13:43:49.101 [info] Sync started.
2024-10-07 13:43:49.385 [info] Settings: No changes found during synchronizing settings.
2024-10-07 13:43:49.386 [info] Keybindings: No changes found during synchronizing keybindings.
2024-10-07 13:43:49.388 [info] Snippets: No changes found during synchronizing snippets.
2024-10-07 13:43:49.390 [info] Tasks: No changes found during synchronizing tasks.
2024-10-07 13:43:50.241 [info] GlobalState: Updated remote ui state. Updated: memento/gettingStartedService,workbench.welcomePage.walkthroughMetadata.
2024-10-07 13:43:50.244 [info] GlobalState: Updated last synchronized ui state
2024-10-07 13:43:50.259 [info] Extensions: No changes found during synchronizing extensions.
2024-10-07 13:43:50.259 [info] Profiles: No changes found during synchronizing profiles.
2024-10-07 13:43:50.260 [info] Syncing profile. clear
2024-10-07 13:43:50.260 [info] Settings (clear): No changes found during synchronizing settings.
2024-10-07 13:43:50.261 [info] Keybindings (clear): No changes found during synchronizing keybindings.
2024-10-07 13:43:50.262 [info] Snippets (clear): No changes found during synchronizing snippets.
2024-10-07 13:43:50.262 [info] Tasks (clear): No changes found during synchronizing tasks.
2024-10-07 13:43:50.263 [info] GlobalState (clear): No changes found during synchronizing ui state.
2024-10-07 13:43:50.272 [info] Extensions (clear): No changes found during synchronizing extensions.
2024-10-07 13:43:50.272 [info] Sync done. Took 1172ms
2024-10-07 13:43:52.525 [info] Auto Sync: Triggered by Activity
2024-10-07 13:43:52.525 [info] Sync started.
2024-10-07 13:43:52.642 [info] Settings: No changes found during synchronizing settings.
2024-10-07 13:43:52.644 [info] Keybindings: No changes found during synchronizing keybindings.
2024-10-07 13:43:52.646 [info] Snippets: No changes found during synchronizing snippets.
2024-10-07 13:43:52.647 [info] Tasks: No changes found during synchronizing tasks.
2024-10-07 13:43:53.581 [info] GlobalState: Updated remote ui state. Updated: memento/gettingStartedService.
2024-10-07 13:43:53.584 [info] GlobalState: Updated last synchronized ui state
2024-10-07 13:43:53.600 [info] Extensions: No changes found during synchronizing extensions.
2024-10-07 13:43:53.601 [info] Profiles: No changes found during synchronizing profiles.
2024-10-07 13:43:53.601 [info] Syncing profile. clear
2024-10-07 13:43:53.603 [info] Settings (clear): No changes found during synchronizing settings.
2024-10-07 13:43:53.604 [info] Keybindings (clear): No changes found during synchronizing keybindings.
2024-10-07 13:43:53.605 [info] Snippets (clear): No changes found during synchronizing snippets.
2024-10-07 13:43:53.606 [info] Tasks (clear): No changes found during synchronizing tasks.
2024-10-07 13:43:53.606 [info] GlobalState (clear): No changes found during synchronizing ui state.
2024-10-07 13:43:53.615 [info] Extensions (clear): No changes found during synchronizing extensions.
2024-10-07 13:43:53.616 [info] Sync done. Took 1091ms
2024-10-07 13:43:59.821 [info] Auto Sync: Triggered by Activity
2024-10-07 13:43:59.821 [info] Sync started.
2024-10-07 13:43:59.951 [info] Settings: No changes found during synchronizing settings.
2024-10-07 13:43:59.952 [info] Keybindings: No changes found during synchronizing keybindings.
2024-10-07 13:43:59.953 [info] Snippets: No changes found during synchronizing snippets.
2024-10-07 13:43:59.954 [info] Tasks: No changes found during synchronizing tasks.
2024-10-07 13:44:00.857 [info] GlobalState: Updated remote ui state. Updated: memento/gettingStartedService.
2024-10-07 13:44:00.860 [info] GlobalState: Updated last synchronized ui state
2024-10-07 13:44:00.875 [info] Extensions: No changes found during synchronizing extensions.
2024-10-07 13:44:00.876 [info] Profiles: No changes found during synchronizing profiles.
2024-10-07 13:44:00.876 [info] Syncing profile. clear
2024-10-07 13:44:00.877 [info] Settings (clear): No changes found during synchronizing settings.
2024-10-07 13:44:00.877 [info] Keybindings (clear): No changes found during synchronizing keybindings.
2024-10-07 13:44:00.878 [info] Snippets (clear): No changes found during synchronizing snippets.
2024-10-07 13:44:00.878 [info] Tasks (clear): No changes found during synchronizing tasks.
2024-10-07 13:44:00.879 [info] GlobalState (clear): No changes found during synchronizing ui state.
2024-10-07 13:44:00.887 [info] Extensions (clear): No changes found during synchronizing extensions.
2024-10-07 13:44:00.887 [info] Sync done. Took 1066ms
2024-10-07 13:44:28.125 [info] Auto Sync: Triggered by Activity
2024-10-07 13:44:28.125 [info] Sync started.
2024-10-07 13:44:28.262 [info] Settings: No changes found during synchronizing settings.
2024-10-07 13:44:28.263 [info] Keybindings: No changes found during synchronizing keybindings.
2024-10-07 13:44:28.265 [info] Snippets: No changes found during synchronizing snippets.
2024-10-07 13:44:28.266 [info] Tasks: No changes found during synchronizing tasks.
2024-10-07 13:44:28.268 [info] GlobalState: No changes found during synchronizing ui state.
2024-10-07 13:44:28.288 [info] Extensions: No changes found during synchronizing extensions.
2024-10-07 13:44:28.289 [info] Profiles: No changes found during synchronizing profiles.
2024-10-07 13:44:28.289 [info] Syncing profile. clear
2024-10-07 13:44:28.290 [info] Settings (clear): No changes found during synchronizing settings.
2024-10-07 13:44:28.291 [info] Keybindings (clear): No changes found during synchronizing keybindings.
2024-10-07 13:44:28.292 [info] Snippets (clear): No changes found during synchronizing snippets.
2024-10-07 13:44:28.293 [info] Tasks (clear): No changes found during synchronizing tasks.
2024-10-07 13:44:28.293 [info] GlobalState (clear): No changes found during synchronizing ui state.
2024-10-07 13:44:28.303 [info] Extensions (clear): No changes found during synchronizing extensions.
2024-10-07 13:44:28.303 [info] Sync done. Took 179ms
2024-10-07 13:45:29.078 [info] Auto Sync: Triggered by Activity
2024-10-07 13:45:29.079 [info] Sync started.
2024-10-07 13:45:29.207 [info] Settings: No changes found during synchronizing settings.
2024-10-07 13:45:29.208 [info] Keybindings: No changes found during synchronizing keybindings.
2024-10-07 13:45:29.210 [info] Snippets: No changes found during synchronizing snippets.
2024-10-07 13:45:29.210 [info] Tasks: No changes found during synchronizing tasks.
2024-10-07 13:45:29.212 [info] GlobalState: No changes found during synchronizing ui state.
2024-10-07 13:45:29.231 [info] Extensions: No changes found during synchronizing extensions.
2024-10-07 13:45:29.232 [info] Profiles: No changes found during synchronizing profiles.
2024-10-07 13:45:29.233 [info] Syncing profile. clear
2024-10-07 13:45:29.234 [info] Settings (clear): No changes found during synchronizing settings.
2024-10-07 13:45:29.234 [info] Keybindings (clear): No changes found during synchronizing keybindings.
2024-10-07 13:45:29.235 [info] Snippets (clear): No changes found during synchronizing snippets.
2024-10-07 13:45:29.236 [info] Tasks (clear): No changes found during synchronizing tasks.
2024-10-07 13:45:29.236 [info] GlobalState (clear): No changes found during synchronizing ui state.
2024-10-07 13:45:29.246 [info] Extensions (clear): No changes found during synchronizing extensions.
2024-10-07 13:45:29.246 [info] Sync done. Took 168ms
